This is pdfTeX, Version 3.14159265-2.6-1.40.21 (TeX Live 2020) (preloaded format=pdflatex 2020.10.10)  3 JAN 2021 22:17
entering extended mode
 restricted \write18 enabled.
 %&-line parsing enabled.
**TMA02.tex
(./TMA02.tex
LaTeX2e <2020-10-01> patch level 1
L3 programming layer <2020-10-05> xparse <2020-03-03>
(/usr/local/texlive/2020/texmf-dist/tex/latex/base/article.cls
Document Class: article 2020/04/10 v1.4m Standard LaTeX document class
(/usr/local/texlive/2020/texmf-dist/tex/latex/base/size12.clo
File: size12.clo 2020/04/10 v1.4m Standard LaTeX file (size option)
)
\c@part=\count175
\c@section=\count176
\c@subsection=\count177
\c@subsubsection=\count178
\c@paragraph=\count179
\c@subparagraph=\count180
\c@figure=\count181
\c@table=\count182
\abovecaptionskip=\skip47
\belowcaptionskip=\skip48
\bibindent=\dimen138
)
(/home/gordon/texmf/tex/latex/tma/tma.sty
(/usr/local/texlive/2020/texmf-dist/tex/latex/base/fontenc.sty
Package: fontenc 2020/08/10 v2.0s Standard LaTeX package
)
(/usr/local/texlive/2020/texmf-dist/tex/latex/base/inputenc.sty
Package: inputenc 2020/08/01 v1.3d Input encoding file
\inpenc@prehook=\toks15
\inpenc@posthook=\toks16
)
(/home/gordon/texmf/tex/latex/pythontex/pythontex.sty
Package: pythontex 2019/09/22 v0.17 execute and typeset Python code and other l
anguages

(/usr/local/texlive/2020/texmf-dist/tex/latex/fvextra/fvextra.sty
Package: fvextra 2019/02/04 v1.4 fvextra - extensions and patches for fancyvrb

(/usr/local/texlive/2020/texmf-dist/tex/latex/base/ifthen.sty
Package: ifthen 2014/09/29 v1.1c Standard LaTeX ifthen package (DPC)
)
(/usr/local/texlive/2020/texmf-dist/tex/latex/etoolbox/etoolbox.sty
Package: etoolbox 2020/10/05 v2.5k e-TeX tools for LaTeX (JAW)
\etb@tempcnta=\count183
)
(/usr/local/texlive/2020/texmf-dist/tex/latex/fancyvrb/fancyvrb.sty
Package: fancyvrb 2020/05/03 v3.6 verbatim text (tvz,hv)

(/usr/local/texlive/2020/texmf-dist/tex/latex/graphics/keyval.sty
Package: keyval 2014/10/28 v1.15 key=value parser (DPC)
\KV@toks@=\toks17
)
\FV@CodeLineNo=\count184
\FV@InFile=\read2
\FV@TabBox=\box47
\c@FancyVerbLine=\count185
\FV@StepNumber=\count186
\FV@OutFile=\write3
)
(/usr/local/texlive/2020/texmf-dist/tex/latex/upquote/upquote.sty
Package: upquote 2012/04/19 v1.3 upright-quote and grave-accent glyphs in verba
tim

(/usr/local/texlive/2020/texmf-dist/tex/latex/base/textcomp.sty
Package: textcomp 2020/02/02 v2.0n Standard LaTeX package
))
(/usr/local/texlive/2020/texmf-dist/tex/latex/lineno/lineno.sty
Package: lineno 2005/11/02 line numbers on paragraphs v4.41
\linenopenalty=\count187
\output=\toks18
\linenoprevgraf=\count188
\linenumbersep=\dimen139
\linenumberwidth=\dimen140
\c@linenumber=\count189
\c@pagewiselinenumber=\count190
\c@LN@truepage=\count191
\c@internallinenumber=\count192
\c@internallinenumbers=\count193
\quotelinenumbersep=\dimen141
\bframerule=\dimen142
\bframesep=\dimen143
\bframebox=\box48
LaTeX Info: Redefining \\ on input line 3056.
)
\c@FV@TrueTabGroupLevel=\count194
\c@FV@TrueTabCounter=\count195
\FV@TabBox@Group=\box49
\FV@TmpLength=\skip49
\c@FV@HighlightLinesStart=\count196
\c@FV@HighlightLinesStop=\count197
\FV@LoopCount=\count198
\FV@NCharsBox=\box50
\FV@BreakIndent=\dimen144
\FV@BreakIndentNChars=\count199
\FV@BreakSymbolSepLeft=\dimen145
\FV@BreakSymbolSepLeftNChars=\count266
\FV@BreakSymbolSepRight=\dimen146
\FV@BreakSymbolSepRightNChars=\count267
\FV@BreakSymbolIndentLeft=\dimen147
\FV@BreakSymbolIndentLeftNChars=\count268
\FV@BreakSymbolIndentRight=\dimen148
\FV@BreakSymbolIndentRightNChars=\count269
\c@FancyVerbLineBreakLast=\count270
\FV@LineBox=\box51
\FV@LineIndentBox=\box52
\FV@LineWidth=\dimen149
)
(/usr/local/texlive/2020/texmf-dist/tex/generic/xstring/xstring.sty
(/usr/local/texlive/2020/texmf-dist/tex/generic/xstring/xstring.tex
\integerpart=\count271
\decimalpart=\count272
)
Package: xstring 2019/02/06 v1.83 String manipulations (CT)
)
(/usr/local/texlive/2020/texmf-dist/tex/latex/pgfopts/pgfopts.sty
Package: pgfopts 2014/07/10 v2.1a LaTeX package options with pgfkeys

(/usr/local/texlive/2020/texmf-dist/tex/latex/pgf/utilities/pgfkeys.sty
(/usr/local/texlive/2020/texmf-dist/tex/generic/pgf/utilities/pgfkeys.code.tex
\pgfkeys@pathtoks=\toks19
\pgfkeys@temptoks=\toks20

(/usr/local/texlive/2020/texmf-dist/tex/generic/pgf/utilities/pgfkeysfiltered.c
ode.tex
\pgfkeys@tmptoks=\toks21
)))
\pgfopts@list@add@a@toks=\toks22
\pgfopts@list@add@b@toks=\toks23
) (/usr/local/texlive/2020/texmf-dist/tex/latex/newfloat/newfloat.sty
Package: newfloat 2019/09/02 v1.1l Defining new floating environments (AR)
) (/usr/local/texlive/2020/texmf-dist/tex/latex/currfile/currfile.sty
Package: currfile 2020/09/29 v0.7d Provides the file path elements of the curre
nt input file

(/usr/local/texlive/2020/texmf-dist/tex/latex/kvoptions/kvoptions.sty
Package: kvoptions 2020-10-07 v3.14 Key value format for package options (HO)

(/usr/local/texlive/2020/texmf-dist/tex/generic/ltxcmds/ltxcmds.sty
Package: ltxcmds 2020-05-10 v1.25 LaTeX kernel commands for general use (HO)
)
(/usr/local/texlive/2020/texmf-dist/tex/generic/kvsetkeys/kvsetkeys.sty
Package: kvsetkeys 2019/12/15 v1.18 Key value parser (HO)
))
(/usr/local/texlive/2020/texmf-dist/tex/latex/filehook/filehook.sty
Package: filehook 2020/09/29 v0.8a Hooks for input files

(/usr/local/texlive/2020/texmf-dist/tex/latex/filehook/filehook-2020.sty
Package: filehook-2020 2020/09/29 v0.8a Hooks for input files
))
\c@currfiledepth=\count273
)
\pytx@codefile=\write4
\openout4 = `TMA02.pytxcode'.

\c@pytx@FancyVerbLineTemp=\count274
\c@pytx@py@default@default=\count275
\c@pytx@pycon@default@default=\count276
\c@pytx@sympy@default@default=\count277
\c@pytx@sympycon@default@default=\count278
\c@pytx@pylab@default@default=\count279
\c@pytx@pylabcon@default@default=\count280
\c@pytx@octave@default@default=\count281
)
   defining Unicode char U+3B1 (decimal 945)
   defining Unicode char U+3C9 (decimal 969)
   defining Unicode char U+3BB (decimal 955)
   defining Unicode char U+3C0 (decimal 960)
   defining Unicode char U+3BC (decimal 956)

(/usr/local/texlive/2020/texmf-dist/tex/latex/amsmath/amsmath.sty
Package: amsmath 2020/09/23 v2.17i AMS math features
\@mathmargin=\skip50

For additional information on amsmath, use the `?' option.
(/usr/local/texlive/2020/texmf-dist/tex/latex/amsmath/amstext.sty
Package: amstext 2000/06/29 v2.01 AMS text

(/usr/local/texlive/2020/texmf-dist/tex/latex/amsmath/amsgen.sty
File: amsgen.sty 1999/11/30 v2.0 generic functions
\@emptytoks=\toks24
\ex@=\dimen150
))
(/usr/local/texlive/2020/texmf-dist/tex/latex/amsmath/amsbsy.sty
Package: amsbsy 1999/11/29 v1.2d Bold Symbols
\pmbraise@=\dimen151
)
(/usr/local/texlive/2020/texmf-dist/tex/latex/amsmath/amsopn.sty
Package: amsopn 2016/03/08 v2.02 operator names
)
\inf@bad=\count282
LaTeX Info: Redefining \frac on input line 234.
\uproot@=\count283
\leftroot@=\count284
LaTeX Info: Redefining \overline on input line 399.
\classnum@=\count285
\DOTSCASE@=\count286
LaTeX Info: Redefining \ldots on input line 496.
LaTeX Info: Redefining \dots on input line 499.
LaTeX Info: Redefining \cdots on input line 620.
\Mathstrutbox@=\box53
\strutbox@=\box54
\big@size=\dimen152
LaTeX Font Info:    Redeclaring font encoding OML on input line 743.
LaTeX Font Info:    Redeclaring font encoding OMS on input line 744.
\macc@depth=\count287
\c@MaxMatrixCols=\count288
\dotsspace@=\muskip16
\c@parentequation=\count289
\dspbrk@lvl=\count290
\tag@help=\toks25
\row@=\count291
\column@=\count292
\maxfields@=\count293
\andhelp@=\toks26
\eqnshift@=\dimen153
\alignsep@=\dimen154
\tagshift@=\dimen155
\tagwidth@=\dimen156
\totwidth@=\dimen157
\lineht@=\dimen158
\@envbody=\toks27
\multlinegap=\skip51
\multlinetaggap=\skip52
\mathdisplay@stack=\toks28
LaTeX Info: Redefining \[ on input line 2923.
LaTeX Info: Redefining \] on input line 2924.
)
(/usr/local/texlive/2020/texmf-dist/tex/latex/amsfonts/amssymb.sty
Package: amssymb 2013/01/14 v3.01 AMS font symbols

(/usr/local/texlive/2020/texmf-dist/tex/latex/amsfonts/amsfonts.sty
Package: amsfonts 2013/01/14 v3.01 Basic AMSFonts support
\symAMSa=\mathgroup4
\symAMSb=\mathgroup5
LaTeX Font Info:    Redeclaring math symbol \hbar on input line 98.
LaTeX Font Info:    Overwriting math alphabet `\mathfrak' in version `bold'
(Font)                  U/euf/m/n --> U/euf/b/n on input line 106.
))
(/usr/local/texlive/2020/texmf-dist/tex/latex/preprint/fullpage.sty
Package: fullpage 1999/02/23 1.1 (PWD)
\FP@margin=\skip53
)
(/usr/local/texlive/2020/texmf-dist/tex/latex/graphics/graphicx.sty
Package: graphicx 2020/09/09 v1.2b Enhanced LaTeX Graphics (DPC,SPQR)

(/usr/local/texlive/2020/texmf-dist/tex/latex/graphics/graphics.sty
Package: graphics 2020/08/30 v1.4c Standard LaTeX Graphics (DPC,SPQR)

(/usr/local/texlive/2020/texmf-dist/tex/latex/graphics/trig.sty
Package: trig 2016/01/03 v1.10 sin cos tan (DPC)
)
(/usr/local/texlive/2020/texmf-dist/tex/latex/graphics-cfg/graphics.cfg
File: graphics.cfg 2016/06/04 v1.11 sample graphics configuration
)
Package graphics Info: Driver file: pdftex.def on input line 105.

(/usr/local/texlive/2020/texmf-dist/tex/latex/graphics-def/pdftex.def
File: pdftex.def 2020/10/05 v1.2a Graphics/color driver for pdftex
))
\Gin@req@height=\dimen159
\Gin@req@width=\dimen160
)
(/usr/local/texlive/2020/texmf-dist/tex/latex/xcolor/xcolor.sty
Package: xcolor 2016/05/11 v2.12 LaTeX color extensions (UK)

(/usr/local/texlive/2020/texmf-dist/tex/latex/graphics-cfg/color.cfg
File: color.cfg 2016/01/02 v1.6 sample color configuration
)
Package xcolor Info: Driver file: pdftex.def on input line 225.
Package xcolor Info: Model `cmy' substituted by `cmy0' on input line 1348.
Package xcolor Info: Model `hsb' substituted by `rgb' on input line 1352.
Package xcolor Info: Model `RGB' extended on input line 1364.
Package xcolor Info: Model `HTML' substituted by `rgb' on input line 1366.
Package xcolor Info: Model `Hsb' substituted by `hsb' on input line 1367.
Package xcolor Info: Model `tHsb' substituted by `hsb' on input line 1368.
Package xcolor Info: Model `HSB' substituted by `hsb' on input line 1369.
Package xcolor Info: Model `Gray' substituted by `gray' on input line 1370.
Package xcolor Info: Model `wave' substituted by `hsb' on input line 1371.

(/usr/local/texlive/2020/texmf-dist/tex/latex/xcolor/svgnam.def
File: svgnam.def 2016/05/11 v2.12 Predefined colors according to SVG 1.1 (UK)
))
(/usr/local/texlive/2020/texmf-dist/tex/latex/url/url.sty
\Urlmuskip=\muskip17
Package: url 2013/09/16  ver 3.4  Verb mode for urls, etc.
)
(/usr/local/texlive/2020/texmf-dist/tex/latex/mathtools/mathtools.sty
Package: mathtools 2020/03/24 v1.24 mathematical typesetting tools

(/usr/local/texlive/2020/texmf-dist/tex/latex/tools/calc.sty
Package: calc 2017/05/25 v4.3 Infix arithmetic (KKT,FJ)
\calc@Acount=\count294
\calc@Bcount=\count295
\calc@Adimen=\dimen161
\calc@Bdimen=\dimen162
\calc@Askip=\skip54
\calc@Bskip=\skip55
LaTeX Info: Redefining \setlength on input line 80.
LaTeX Info: Redefining \addtolength on input line 81.
\calc@Ccount=\count296
\calc@Cskip=\skip56
)
(/usr/local/texlive/2020/texmf-dist/tex/latex/mathtools/mhsetup.sty
Package: mhsetup 2017/03/31 v1.3 programming setup (MH)
)
LaTeX Info: Thecontrolsequence`\('isalreadyrobust on input line 130.
LaTeX Info: Thecontrolsequence`\)'isalreadyrobust on input line 130.
LaTeX Info: Thecontrolsequence`\['isalreadyrobust on input line 130.
LaTeX Info: Thecontrolsequence`\]'isalreadyrobust on input line 130.
\g_MT_multlinerow_int=\count297
\l_MT_multwidth_dim=\dimen163
\origjot=\skip57
\l_MT_shortvdotswithinadjustabove_dim=\dimen164
\l_MT_shortvdotswithinadjustbelow_dim=\dimen165
\l_MT_above_intertext_sep=\dimen166
\l_MT_below_intertext_sep=\dimen167
\l_MT_above_shortintertext_sep=\dimen168
\l_MT_below_shortintertext_sep=\dimen169
\xmathstrut@box=\box55
\xmathstrut@dim=\dimen170
)
(/usr/local/texlive/2020/texmf-dist/tex/latex/mdframed/mdframed.sty
Package: mdframed 2013/07/01 1.9b: mdframed

(/usr/local/texlive/2020/texmf-dist/tex/latex/l3packages/xparse/xparse.sty
(/usr/local/texlive/2020/texmf-dist/tex/latex/l3kernel/expl3.sty
Package: expl3 2020-10-05 L3 programming layer (loader) 

(/usr/local/texlive/2020/texmf-dist/tex/latex/l3backend/l3backend-pdftex.def
File: l3backend-pdftex.def 2020-09-24 L3 backend support: PDF output (pdfTeX)
\l__kernel_color_stack_int=\count298
\l__pdf_internal_box=\box56
))
Package: xparse 2020-10-05 L3 Experimental document command parser

(/usr/local/texlive/2020/texmf-dist/tex/latex/l3packages/xparse/xparse-generic.
tex)) (/usr/local/texlive/2020/texmf-dist/tex/latex/zref/zref-abspage.sty
Package: zref-abspage 2020-07-03 v2.32 Module abspage for zref (HO)

(/usr/local/texlive/2020/texmf-dist/tex/latex/zref/zref-base.sty
Package: zref-base 2020-07-03 v2.32 Module base for zref (HO)

(/usr/local/texlive/2020/texmf-dist/tex/generic/infwarerr/infwarerr.sty
Package: infwarerr 2019/12/03 v1.5 Providing info/warning/error messages (HO)
)
(/usr/local/texlive/2020/texmf-dist/tex/generic/kvdefinekeys/kvdefinekeys.sty
Package: kvdefinekeys 2019-12-19 v1.6 Define keys (HO)
)
(/usr/local/texlive/2020/texmf-dist/tex/generic/pdftexcmds/pdftexcmds.sty
Package: pdftexcmds 2020-06-27 v0.33 Utility functions of pdfTeX for LuaTeX (HO
)

(/usr/local/texlive/2020/texmf-dist/tex/generic/iftex/iftex.sty
Package: iftex 2020/03/06 v1.0d TeX engine tests
)
Package pdftexcmds Info: \pdf@primitive is available.
Package pdftexcmds Info: \pdf@ifprimitive is available.
Package pdftexcmds Info: \pdfdraftmode found.
)
(/usr/local/texlive/2020/texmf-dist/tex/generic/etexcmds/etexcmds.sty
Package: etexcmds 2019/12/15 v1.7 Avoid name clashes with e-TeX commands (HO)
)
(/usr/local/texlive/2020/texmf-dist/tex/latex/auxhook/auxhook.sty
Package: auxhook 2019-12-17 v1.6 Hooks for auxiliary files (HO)
)
Package zref Info: New property list: main on input line 764.
Package zref Info: New property: default on input line 765.
Package zref Info: New property: page on input line 766.
)
(/usr/local/texlive/2020/texmf-dist/tex/latex/base/atbegshi-ltx.sty
Package: atbegshi-ltx 2020/08/17 v1.0a Emulation of the original atbegshi packa
ge
with kernel methods
)
\c@abspage=\count299
Package zref Info: New property: abspage on input line 66.
)
(/usr/local/texlive/2020/texmf-dist/tex/latex/needspace/needspace.sty
Package: needspace 2010/09/12 v1.3d reserve vertical space
)
\mdf@templength=\skip58
\c@mdf@globalstyle@cnt=\count300
\mdf@skipabove@length=\skip59
\mdf@skipbelow@length=\skip60
\mdf@leftmargin@length=\skip61
\mdf@rightmargin@length=\skip62
\mdf@innerleftmargin@length=\skip63
\mdf@innerrightmargin@length=\skip64
\mdf@innertopmargin@length=\skip65
\mdf@innerbottommargin@length=\skip66
\mdf@splittopskip@length=\skip67
\mdf@splitbottomskip@length=\skip68
\mdf@outermargin@length=\skip69
\mdf@innermargin@length=\skip70
\mdf@linewidth@length=\skip71
\mdf@innerlinewidth@length=\skip72
\mdf@middlelinewidth@length=\skip73
\mdf@outerlinewidth@length=\skip74
\mdf@roundcorner@length=\skip75
\mdf@footenotedistance@length=\skip76
\mdf@userdefinedwidth@length=\skip77
\mdf@needspace@length=\skip78
\mdf@frametitleaboveskip@length=\skip79
\mdf@frametitlebelowskip@length=\skip80
\mdf@frametitlerulewidth@length=\skip81
\mdf@frametitleleftmargin@length=\skip82
\mdf@frametitlerightmargin@length=\skip83
\mdf@shadowsize@length=\skip84
\mdf@extratopheight@length=\skip85
\mdf@subtitleabovelinewidth@length=\skip86
\mdf@subtitlebelowlinewidth@length=\skip87
\mdf@subtitleaboveskip@length=\skip88
\mdf@subtitlebelowskip@length=\skip89
\mdf@subtitleinneraboveskip@length=\skip90
\mdf@subtitleinnerbelowskip@length=\skip91
\mdf@subsubtitleabovelinewidth@length=\skip92
\mdf@subsubtitlebelowlinewidth@length=\skip93
\mdf@subsubtitleaboveskip@length=\skip94
\mdf@subsubtitlebelowskip@length=\skip95
\mdf@subsubtitleinneraboveskip@length=\skip96
\mdf@subsubtitleinnerbelowskip@length=\skip97

(/usr/local/texlive/2020/texmf-dist/tex/latex/pgf/frontendlayer/tikz.sty
(/usr/local/texlive/2020/texmf-dist/tex/latex/pgf/basiclayer/pgf.sty
(/usr/local/texlive/2020/texmf-dist/tex/latex/pgf/utilities/pgfrcs.sty
(/usr/local/texlive/2020/texmf-dist/tex/generic/pgf/utilities/pgfutil-common.te
x
\pgfutil@everybye=\toks29
\pgfutil@tempdima=\dimen171
\pgfutil@tempdimb=\dimen172

(/usr/local/texlive/2020/texmf-dist/tex/generic/pgf/utilities/pgfutil-common-li
sts.tex))
(/usr/local/texlive/2020/texmf-dist/tex/generic/pgf/utilities/pgfutil-latex.def
\pgfutil@abb=\box57
) (/usr/local/texlive/2020/texmf-dist/tex/generic/pgf/utilities/pgfrcs.code.tex
(/usr/local/texlive/2020/texmf-dist/tex/generic/pgf/pgf.revision.tex)
Package: pgfrcs 2020/10/01 v3.1.6a (3.1.6a)
))
Package: pgf 2020/10/01 v3.1.6a (3.1.6a)

(/usr/local/texlive/2020/texmf-dist/tex/latex/pgf/basiclayer/pgfcore.sty
(/usr/local/texlive/2020/texmf-dist/tex/latex/pgf/systemlayer/pgfsys.sty
(/usr/local/texlive/2020/texmf-dist/tex/generic/pgf/systemlayer/pgfsys.code.tex
Package: pgfsys 2020/10/01 v3.1.6a (3.1.6a)
(/usr/local/texlive/2020/texmf-dist/tex/generic/pgf/utilities/pgfkeys.code.tex)
\pgf@x=\dimen173
\pgf@y=\dimen174
\pgf@xa=\dimen175
\pgf@ya=\dimen176
\pgf@xb=\dimen177
\pgf@yb=\dimen178
\pgf@xc=\dimen179
\pgf@yc=\dimen180
\pgf@xd=\dimen181
\pgf@yd=\dimen182
\w@pgf@writea=\write5
\r@pgf@reada=\read3
\c@pgf@counta=\count301
\c@pgf@countb=\count302
\c@pgf@countc=\count303
\c@pgf@countd=\count304
\t@pgf@toka=\toks30
\t@pgf@tokb=\toks31
\t@pgf@tokc=\toks32
\pgf@sys@id@count=\count305
(/usr/local/texlive/2020/texmf-dist/tex/generic/pgf/systemlayer/pgf.cfg
File: pgf.cfg 2020/10/01 v3.1.6a (3.1.6a)
)
Driver file for pgf: pgfsys-pdftex.def

(/usr/local/texlive/2020/texmf-dist/tex/generic/pgf/systemlayer/pgfsys-pdftex.d
ef
File: pgfsys-pdftex.def 2020/10/01 v3.1.6a (3.1.6a)

(/usr/local/texlive/2020/texmf-dist/tex/generic/pgf/systemlayer/pgfsys-common-p
df.def
File: pgfsys-common-pdf.def 2020/10/01 v3.1.6a (3.1.6a)
)))
(/usr/local/texlive/2020/texmf-dist/tex/generic/pgf/systemlayer/pgfsyssoftpath.
code.tex
File: pgfsyssoftpath.code.tex 2020/10/01 v3.1.6a (3.1.6a)
\pgfsyssoftpath@smallbuffer@items=\count306
\pgfsyssoftpath@bigbuffer@items=\count307
)
(/usr/local/texlive/2020/texmf-dist/tex/generic/pgf/systemlayer/pgfsysprotocol.
code.tex
File: pgfsysprotocol.code.tex 2020/10/01 v3.1.6a (3.1.6a)
))
(/usr/local/texlive/2020/texmf-dist/tex/generic/pgf/basiclayer/pgfcore.code.tex
Package: pgfcore 2020/10/01 v3.1.6a (3.1.6a)
(/usr/local/texlive/2020/texmf-dist/tex/generic/pgf/math/pgfmath.code.tex
(/usr/local/texlive/2020/texmf-dist/tex/generic/pgf/math/pgfmathcalc.code.tex
(/usr/local/texlive/2020/texmf-dist/tex/generic/pgf/math/pgfmathutil.code.tex)
(/usr/local/texlive/2020/texmf-dist/tex/generic/pgf/math/pgfmathparser.code.tex
\pgfmath@dimen=\dimen183
\pgfmath@count=\count308
\pgfmath@box=\box58
\pgfmath@toks=\toks33
\pgfmath@stack@operand=\toks34
\pgfmath@stack@operation=\toks35
)
(/usr/local/texlive/2020/texmf-dist/tex/generic/pgf/math/pgfmathfunctions.code.
tex
(/usr/local/texlive/2020/texmf-dist/tex/generic/pgf/math/pgfmathfunctions.basic
.code.tex)
(/usr/local/texlive/2020/texmf-dist/tex/generic/pgf/math/pgfmathfunctions.trigo
nometric.code.tex)
(/usr/local/texlive/2020/texmf-dist/tex/generic/pgf/math/pgfmathfunctions.rando
m.code.tex)
(/usr/local/texlive/2020/texmf-dist/tex/generic/pgf/math/pgfmathfunctions.compa
rison.code.tex)
(/usr/local/texlive/2020/texmf-dist/tex/generic/pgf/math/pgfmathfunctions.base.
code.tex)
(/usr/local/texlive/2020/texmf-dist/tex/generic/pgf/math/pgfmathfunctions.round
.code.tex)
(/usr/local/texlive/2020/texmf-dist/tex/generic/pgf/math/pgfmathfunctions.misc.
code.tex)
(/usr/local/texlive/2020/texmf-dist/tex/generic/pgf/math/pgfmathfunctions.integ
erarithmetics.code.tex)))
(/usr/local/texlive/2020/texmf-dist/tex/generic/pgf/math/pgfmathfloat.code.tex
\c@pgfmathroundto@lastzeros=\count309
)) (/usr/local/texlive/2020/texmf-dist/tex/generic/pgf/math/pgfint.code.tex)
(/usr/local/texlive/2020/texmf-dist/tex/generic/pgf/basiclayer/pgfcorepoints.co
de.tex
File: pgfcorepoints.code.tex 2020/10/01 v3.1.6a (3.1.6a)
\pgf@picminx=\dimen184
\pgf@picmaxx=\dimen185
\pgf@picminy=\dimen186
\pgf@picmaxy=\dimen187
\pgf@pathminx=\dimen188
\pgf@pathmaxx=\dimen189
\pgf@pathminy=\dimen190
\pgf@pathmaxy=\dimen191
\pgf@xx=\dimen192
\pgf@xy=\dimen193
\pgf@yx=\dimen194
\pgf@yy=\dimen195
\pgf@zx=\dimen196
\pgf@zy=\dimen197
)
(/usr/local/texlive/2020/texmf-dist/tex/generic/pgf/basiclayer/pgfcorepathconst
ruct.code.tex
File: pgfcorepathconstruct.code.tex 2020/10/01 v3.1.6a (3.1.6a)
\pgf@path@lastx=\dimen198
\pgf@path@lasty=\dimen199
)
(/usr/local/texlive/2020/texmf-dist/tex/generic/pgf/basiclayer/pgfcorepathusage
.code.tex
File: pgfcorepathusage.code.tex 2020/10/01 v3.1.6a (3.1.6a)
\pgf@shorten@end@additional=\dimen256
\pgf@shorten@start@additional=\dimen257
)
(/usr/local/texlive/2020/texmf-dist/tex/generic/pgf/basiclayer/pgfcorescopes.co
de.tex
File: pgfcorescopes.code.tex 2020/10/01 v3.1.6a (3.1.6a)
\pgfpic=\box59
\pgf@hbox=\box60
\pgf@layerbox@main=\box61
\pgf@picture@serial@count=\count310
)
(/usr/local/texlive/2020/texmf-dist/tex/generic/pgf/basiclayer/pgfcoregraphicst
ate.code.tex
File: pgfcoregraphicstate.code.tex 2020/10/01 v3.1.6a (3.1.6a)
\pgflinewidth=\dimen258
)
(/usr/local/texlive/2020/texmf-dist/tex/generic/pgf/basiclayer/pgfcoretransform
ations.code.tex
File: pgfcoretransformations.code.tex 2020/10/01 v3.1.6a (3.1.6a)
\pgf@pt@x=\dimen259
\pgf@pt@y=\dimen260
\pgf@pt@temp=\dimen261
)
(/usr/local/texlive/2020/texmf-dist/tex/generic/pgf/basiclayer/pgfcorequick.cod
e.tex
File: pgfcorequick.code.tex 2020/10/01 v3.1.6a (3.1.6a)
)
(/usr/local/texlive/2020/texmf-dist/tex/generic/pgf/basiclayer/pgfcoreobjects.c
ode.tex
File: pgfcoreobjects.code.tex 2020/10/01 v3.1.6a (3.1.6a)
)
(/usr/local/texlive/2020/texmf-dist/tex/generic/pgf/basiclayer/pgfcorepathproce
ssing.code.tex
File: pgfcorepathprocessing.code.tex 2020/10/01 v3.1.6a (3.1.6a)
)
(/usr/local/texlive/2020/texmf-dist/tex/generic/pgf/basiclayer/pgfcorearrows.co
de.tex
File: pgfcorearrows.code.tex 2020/10/01 v3.1.6a (3.1.6a)
\pgfarrowsep=\dimen262
)
(/usr/local/texlive/2020/texmf-dist/tex/generic/pgf/basiclayer/pgfcoreshade.cod
e.tex
File: pgfcoreshade.code.tex 2020/10/01 v3.1.6a (3.1.6a)
\pgf@max=\dimen263
\pgf@sys@shading@range@num=\count311
\pgf@shadingcount=\count312
)
(/usr/local/texlive/2020/texmf-dist/tex/generic/pgf/basiclayer/pgfcoreimage.cod
e.tex
File: pgfcoreimage.code.tex 2020/10/01 v3.1.6a (3.1.6a)

(/usr/local/texlive/2020/texmf-dist/tex/generic/pgf/basiclayer/pgfcoreexternal.
code.tex
File: pgfcoreexternal.code.tex 2020/10/01 v3.1.6a (3.1.6a)
\pgfexternal@startupbox=\box62
))
(/usr/local/texlive/2020/texmf-dist/tex/generic/pgf/basiclayer/pgfcorelayers.co
de.tex
File: pgfcorelayers.code.tex 2020/10/01 v3.1.6a (3.1.6a)
)
(/usr/local/texlive/2020/texmf-dist/tex/generic/pgf/basiclayer/pgfcoretranspare
ncy.code.tex
File: pgfcoretransparency.code.tex 2020/10/01 v3.1.6a (3.1.6a)
)
(/usr/local/texlive/2020/texmf-dist/tex/generic/pgf/basiclayer/pgfcorepatterns.
code.tex
File: pgfcorepatterns.code.tex 2020/10/01 v3.1.6a (3.1.6a)
)
(/usr/local/texlive/2020/texmf-dist/tex/generic/pgf/basiclayer/pgfcorerdf.code.
tex
File: pgfcorerdf.code.tex 2020/10/01 v3.1.6a (3.1.6a)
)))
(/usr/local/texlive/2020/texmf-dist/tex/generic/pgf/modules/pgfmoduleshapes.cod
e.tex
File: pgfmoduleshapes.code.tex 2020/10/01 v3.1.6a (3.1.6a)
\pgfnodeparttextbox=\box63
)
(/usr/local/texlive/2020/texmf-dist/tex/generic/pgf/modules/pgfmoduleplot.code.
tex
File: pgfmoduleplot.code.tex 2020/10/01 v3.1.6a (3.1.6a)
)
(/usr/local/texlive/2020/texmf-dist/tex/latex/pgf/compatibility/pgfcomp-version
-0-65.sty
Package: pgfcomp-version-0-65 2020/10/01 v3.1.6a (3.1.6a)
\pgf@nodesepstart=\dimen264
\pgf@nodesepend=\dimen265
)
(/usr/local/texlive/2020/texmf-dist/tex/latex/pgf/compatibility/pgfcomp-version
-1-18.sty
Package: pgfcomp-version-1-18 2020/10/01 v3.1.6a (3.1.6a)
))
(/usr/local/texlive/2020/texmf-dist/tex/latex/pgf/utilities/pgffor.sty
(/usr/local/texlive/2020/texmf-dist/tex/latex/pgf/math/pgfmath.sty
(/usr/local/texlive/2020/texmf-dist/tex/generic/pgf/math/pgfmath.code.tex))
(/usr/local/texlive/2020/texmf-dist/tex/generic/pgf/utilities/pgffor.code.tex
Package: pgffor 2020/10/01 v3.1.6a (3.1.6a)

(/usr/local/texlive/2020/texmf-dist/tex/generic/pgf/math/pgfmath.code.tex)
\pgffor@iter=\dimen266
\pgffor@skip=\dimen267
\pgffor@stack=\toks36
\pgffor@toks=\toks37
))
(/usr/local/texlive/2020/texmf-dist/tex/generic/pgf/frontendlayer/tikz/tikz.cod
e.tex
Package: tikz 2020/10/01 v3.1.6a (3.1.6a)

(/usr/local/texlive/2020/texmf-dist/tex/generic/pgf/libraries/pgflibraryplothan
dlers.code.tex
File: pgflibraryplothandlers.code.tex 2020/10/01 v3.1.6a (3.1.6a)
\pgf@plot@mark@count=\count313
\pgfplotmarksize=\dimen268
)
\tikz@lastx=\dimen269
\tikz@lasty=\dimen270
\tikz@lastxsaved=\dimen271
\tikz@lastysaved=\dimen272
\tikz@lastmovetox=\dimen273
\tikz@lastmovetoy=\dimen274
\tikzleveldistance=\dimen275
\tikzsiblingdistance=\dimen276
\tikz@figbox=\box64
\tikz@figbox@bg=\box65
\tikz@tempbox=\box66
\tikz@tempbox@bg=\box67
\tikztreelevel=\count314
\tikznumberofchildren=\count315
\tikznumberofcurrentchild=\count316
\tikz@fig@count=\count317

(/usr/local/texlive/2020/texmf-dist/tex/generic/pgf/modules/pgfmodulematrix.cod
e.tex
File: pgfmodulematrix.code.tex 2020/10/01 v3.1.6a (3.1.6a)
\pgfmatrixcurrentrow=\count318
\pgfmatrixcurrentcolumn=\count319
\pgf@matrix@numberofcolumns=\count320
)
\tikz@expandcount=\count321

(/usr/local/texlive/2020/texmf-dist/tex/generic/pgf/frontendlayer/tikz/librarie
s/tikzlibrarytopaths.code.tex
File: tikzlibrarytopaths.code.tex 2020/10/01 v3.1.6a (3.1.6a)
)))
(/usr/local/texlive/2020/texmf-dist/tex/latex/mdframed/md-frame-1.mdf
File: md-frame-1.mdf 2013/07/01\ 1.9b: md-frame-1
)
\mdf@frametitlebox=\box68
\mdf@footnotebox=\box69
\mdf@splitbox@one=\box70
\mdf@splitbox@two=\box71
\mdf@splitbox@save=\box72
\mdfsplitboxwidth=\skip98
\mdfsplitboxtotalwidth=\skip99
\mdfsplitboxheight=\skip100
\mdfsplitboxdepth=\skip101
\mdfsplitboxtotalheight=\skip102
\mdfframetitleboxwidth=\skip103
\mdfframetitleboxtotalwidth=\skip104
\mdfframetitleboxheight=\skip105
\mdfframetitleboxdepth=\skip106
\mdfframetitleboxtotalheight=\skip107
\mdffootnoteboxwidth=\skip108
\mdffootnoteboxtotalwidth=\skip109
\mdffootnoteboxheight=\skip110
\mdffootnoteboxdepth=\skip111
\mdffootnoteboxtotalheight=\skip112
\mdftotallinewidth=\skip113
\mdfboundingboxwidth=\skip114
\mdfboundingboxtotalwidth=\skip115
\mdfboundingboxheight=\skip116
\mdfboundingboxdepth=\skip117
\mdfboundingboxtotalheight=\skip118
\mdf@freevspace@length=\skip119
\mdf@horizontalwidthofbox@length=\skip120
\mdf@verticalmarginwhole@length=\skip121
\mdf@horizontalspaceofbox=\skip122
\mdfsubtitleheight=\skip123
\mdfsubsubtitleheight=\skip124
\c@mdfcountframes=\count322

****** mdframed patching \endmdf@trivlist

****** -- success******

\mdf@envdepth=\count323
\c@mdf@env@i=\count324
\c@mdf@env@ii=\count325
\c@mdf@zref@counter=\count326
Package zref Info: New property: mdf@pagevalue on input line 895.
)
(/usr/local/texlive/2020/texmf-dist/tex/latex/polynom/polynom.sty
Package: polynom 2017/07/17 0.19 (CH,HA)
\pld@currstage=\count327
)
(/home/gordon/texmf/tex/latex/Polynomial-division/polydiv.sty
Package: polydiv 
\l__poly_deg_int=\count328
\l__poly_pad_int=\count329
\l__poly_base_int=\count330
\l__poly_tmpa_int=\count331
\l__poly_tmpb_int=\count332
\l__poly_mod_tmpa_int=\count333
\l__poly_mod_tmpb_int=\count334
\l__poly_mod_tmpc_int=\count335
\l__poly_mod_tmpd_int=\count336
\l__poly_trailing_int=\count337
\l__poly_stage_int=\count338
\l__poly_cstage_int=\count339
)
(/usr/local/texlive/2020/texmf-dist/tex/latex/polynomial/polynomial.sty
Package: polynomial 
\shpol@numcoeff=\count340
\shpol@coeffnum=\count341
\shpol@exponent=\count342
)
(/usr/local/texlive/2020/texmf-dist/tex/latex/tools/longtable.sty
Package: longtable 2020/01/07 v4.13 Multi-page Table package (DPC)
\LTleft=\skip125
\LTright=\skip126
\LTpre=\skip127
\LTpost=\skip128
\LTchunksize=\count343
\LTcapwidth=\dimen277
\LT@head=\box73
\LT@firsthead=\box74
\LT@foot=\box75
\LT@lastfoot=\box76
\LT@cols=\count344
\LT@rows=\count345
\c@LT@tables=\count346
\c@LT@chunks=\count347
\LT@p@ftn=\toks38
)
(/usr/local/texlive/2020/texmf-dist/tex/latex/graphics/lscape.sty
Package: lscape 2020/05/28 v3.02 Landscape Pages (DPC)
)
(/usr/local/texlive/2020/texmf-dist/tex/latex/tools/tabularx.sty
Package: tabularx 2020/01/15 v2.11c `tabularx' package (DPC)

(/usr/local/texlive/2020/texmf-dist/tex/latex/tools/array.sty
Package: array 2020/10/01 v2.5c Tabular extension package (FMi)
\col@sep=\dimen278
\ar@mcellbox=\box77
\extrarowheight=\dimen279
\NC@list=\toks39
\extratabsurround=\skip129
\backup@length=\skip130
\ar@cellbox=\box78
)
\TX@col@width=\dimen280
\TX@old@table=\dimen281
\TX@old@col=\dimen282
\TX@target=\dimen283
\TX@delta=\dimen284
\TX@cols=\count348
\TX@ftn=\toks40
)
(/usr/local/texlive/2020/texmf-dist/tex/latex/tabu/tabu.sty
Package: tabu 2019/01/11 v2.9 - flexible LaTeX tabulars (FC+tabu-fixed)

(/usr/local/texlive/2020/texmf-dist/tex/latex/varwidth/varwidth.sty
Package: varwidth 2009/03/30 ver 0.92;  Variable-width minipages
\@vwid@box=\box79
\sift@deathcycles=\count349
\@vwid@loff=\dimen285
\@vwid@roff=\dimen286
)
\c@taburow=\count350
\tabu@nbcols=\count351
\tabu@cnt=\count352
\tabu@Xcol=\count353
\tabu@alloc=\count354
\tabu@nested=\count355
\tabu@target=\dimen287
\tabu@spreadtarget=\dimen288
\tabu@naturalX=\dimen289
\tabucolX=\dimen290
\tabu@Xsum=\dimen291
\extrarowdepth=\dimen292
\abovetabulinesep=\dimen293
\belowtabulinesep=\dimen294
\tabustrutrule=\dimen295
\tabu@thebody=\toks41
\tabu@footnotes=\toks42
\tabu@box=\box80
\tabu@arstrutbox=\box81
\tabu@hleads=\box82
\tabu@vleads=\box83
\tabu@cellskip=\skip131
)
Package: tma 

(/home/gordon/texmf/tex/latex/sagetex/sagetex.sty
Package: sagetex 2020/08/12 v3.5 embedding Sage into LaTeX documents

(/usr/local/texlive/2020/texmf-dist/tex/latex/tools/verbatim.sty
Package: verbatim 2020-07-07 v1.5u LaTeX2e package for verbatim enhancements
\every@verbatim=\toks43
\verbatim@line=\toks44
\verbatim@in@stream=\read4
)
(/usr/local/texlive/2020/texmf-dist/tex/latex/listings/listings.sty
\lst@mode=\count356
\lst@gtempboxa=\box84
\lst@token=\toks45
\lst@length=\count357
\lst@currlwidth=\dimen296
\lst@column=\count358
\lst@pos=\count359
\lst@lostspace=\dimen297
\lst@width=\dimen298
\lst@newlines=\count360
\lst@lineno=\count361
\lst@maxwidth=\dimen299

(/usr/local/texlive/2020/texmf-dist/tex/latex/listings/lstmisc.sty
File: lstmisc.sty 2020/03/24 1.8d (Carsten Heinz)
\c@lstnumber=\count362
\lst@skipnumbers=\count363
\lst@framebox=\box85
)
(/usr/local/texlive/2020/texmf-dist/tex/latex/listings/listings.cfg
File: listings.cfg 2020/03/24 1.8d listings configuration
))
Package: listings 2020/03/24 1.8d (Carsten Heinz)

(/usr/local/texlive/2020/texmf-dist/tex/latex/makecmds/makecmds.sty
Package: makecmds 2009/09/03 v1.0a extra command making commands
)
(/usr/local/texlive/2020/texmf-dist/tex/generic/iftex/ifpdf.sty
Package: ifpdf 2019/10/25 v3.4 ifpdf legacy package. Use iftex instead.
)
(/usr/local/texlive/2020/texmf-dist/tex/generic/iftex/ifxetex.sty
Package: ifxetex 2019/10/25 v0.7 ifxetex legacy package. Use iftex instead.
)
\c@ST@inline=\count364
\c@ST@plot=\count365
\c@ST@cmdline=\count366
\sagetexindent=\skip132

(./TMA02.sagetex.sout)
\sagecommandlineskip=\skip133
)
(/usr/local/texlive/2020/texmf-dist/tex/latex/float/float.sty
Package: float 2001/11/08 v1.3d Float enhancements (AL)
\c@float@type=\count367
\float@exts=\toks46
\float@box=\box86
\@float@everytoks=\toks47
\@floatcapt=\box87
)
(/usr/local/texlive/2020/texmf-dist/tex/latex/cancel/cancel.sty
Package: cancel 2013/04/12 v2.2 Cancel math terms
)
(/usr/local/texlive/2020/texmf-dist/tex/latex/enumitem/enumitem.sty
Package: enumitem 2019/06/20 v3.9 Customized lists
\labelindent=\skip134
\enit@outerparindent=\dimen300
\enit@toks=\toks48
\enit@inbox=\box88
\enit@count@id=\count368
\enitdp@description=\count369
)
(/usr/local/texlive/2020/texmf-dist/tex/latex/lastpage/lastpage.sty
Package: lastpage 2015/03/29 v1.2m Refers to last page's name (HMM; JPG)
)
(/usr/local/texlive/2020/texmf-dist/tex/generic/ulem/ulem.sty
\UL@box=\box89
\UL@hyphenbox=\box90
\UL@skip=\skip135
\UL@hook=\toks49
\UL@height=\dimen301
\UL@pe=\count370
\UL@pixel=\dimen302
\ULC@box=\box91
Package: ulem 2019/11/18
\ULdepth=\dimen303
)
(/usr/local/texlive/2020/texmf-dist/tex/latex/amscls/amsthm.sty
Package: amsthm 2020/05/29 v2.20.6
\thm@style=\toks50
\thm@bodyfont=\toks51
\thm@headfont=\toks52
\thm@notefont=\toks53
\thm@headpunct=\toks54
\thm@preskip=\skip136
\thm@postskip=\skip137
\thm@headsep=\skip138
\dth@everypar=\toks55
)
(/usr/local/texlive/2020/texmf-dist/tex/latex/was/upgreek.sty
Package: upgreek 2003/02/12 v2.0 (WaS)
Package upgreek Info: Using Euler Roman for upright Greek on input line 31.
\symugrf@m=\mathgroup6
LaTeX Font Info:    Overwriting symbol font `ugrf@m' in version `bold'
(Font)                  U/eur/m/n --> U/eur/b/n on input line 38.
)
(/usr/local/texlive/2020/texmf-dist/tex/latex/wasysym/wasysym.sty
Package: wasysym 2020/01/19 v2.4 Wasy-2 symbol support package
\symwasy=\mathgroup7
LaTeX Font Info:    Overwriting symbol font `wasy' in version `bold'
(Font)                  U/wasy/m/n --> U/wasy/b/n on input line 93.
)
(/usr/local/texlive/2020/texmf-dist/tex/latex/tools/bm.sty
Package: bm 2019/07/24 v1.2d Bold Symbol Support (DPC/FMi)
\symboldoperators=\mathgroup8
\symboldletters=\mathgroup9
\symboldsymbols=\mathgroup10
\symboldugrf@m=\mathgroup11
LaTeX Font Info:    Redeclaring math alphabet \mathbf on input line 141.
LaTeX Info: Redefining \bm on input line 209.
)
(/usr/local/texlive/2020/texmf-dist/tex/latex/fancyhdr/fancyhdr.sty
Package: fancyhdr 2019/01/31 v3.10 Extensive control of page headers and footer
s
\f@nch@headwidth=\skip139
\f@nch@O@elh=\skip140
\f@nch@O@erh=\skip141
\f@nch@O@olh=\skip142
\f@nch@O@orh=\skip143
\f@nch@O@elf=\skip144
\f@nch@O@erf=\skip145
\f@nch@O@olf=\skip146
\f@nch@O@orf=\skip147
)
(/usr/local/texlive/2020/texmf-dist/tex/latex/xifthen/xifthen.sty
Package: xifthen 2015/11/05 v1.4.0 Extended ifthen features

(/usr/local/texlive/2020/texmf-dist/tex/latex/ifmtarg/ifmtarg.sty
Package: ifmtarg 2018/04/16 v1.2b check for an empty argument
))
(/usr/local/texlive/2020/texmf-dist/tex/latex/tools/xspace.sty
Package: xspace 2014/10/28 v1.13 Space after command names (DPC,MH)
)
(/usr/local/texlive/2020/texmf-dist/tex/latex/microtype/microtype.sty
Package: microtype 2019/11/18 v2.7d Micro-typographical refinements (RS)
\MT@toks=\toks56
\MT@count=\count371
LaTeX Info: Redefining \textls on input line 790.
\MT@outer@kern=\dimen304
LaTeX Info: Redefining \textmicrotypecontext on input line 1354.
\MT@listname@count=\count372

(/usr/local/texlive/2020/texmf-dist/tex/latex/microtype/microtype-pdftex.def
File: microtype-pdftex.def 2019/11/18 v2.7d Definitions specific to pdftex (RS)

LaTeX Info: Redefining \lsstyle on input line 914.
LaTeX Info: Redefining \lslig on input line 914.
\MT@outer@space=\skip148
)
Package microtype Info: Loading configuration file microtype.cfg.

(/usr/local/texlive/2020/texmf-dist/tex/latex/microtype/microtype.cfg
File: microtype.cfg 2019/11/18 v2.7d microtype main configuration file (RS)
))
(/usr/local/texlive/2020/texmf-dist/tex/latex/marginnote/marginnote.sty
Package: marginnote 2018/08/09 v1.4b non floating margin notes for LaTeX
\c@mn@abspage=\count373
)
(/usr/local/texlive/2020/texmf-dist/tex/latex/import/import.sty
Package: import 2020/04/01  v 6.2
)
(/usr/local/texlive/2020/texmf-dist/tex/latex/dirtytalk/dirtytalk.sty
Package: dirtytalk 2010/11/21 A package making "quoting" easier
\c@dirtytalk@qdepth=\count374
)
(/usr/local/texlive/2020/texmf-dist/tex/latex/booktabs/booktabs.sty
Package: booktabs 2020/01/12 v1.61803398 Publication quality tables
\heavyrulewidth=\dimen305
\lightrulewidth=\dimen306
\cmidrulewidth=\dimen307
\belowrulesep=\dimen308
\belowbottomsep=\dimen309
\aboverulesep=\dimen310
\abovetopsep=\dimen311
\cmidrulesep=\dimen312
\cmidrulekern=\dimen313
\defaultaddspace=\dimen314
\@cmidla=\count375
\@cmidlb=\count376
\@aboverulesep=\dimen315
\@belowrulesep=\dimen316
\@thisruleclass=\count377
\@lastruleclass=\count378
\@thisrulewidth=\dimen317
)
(/usr/local/texlive/2020/texmf-dist/tex/latex/multirow/multirow.sty
Package: multirow 2019/05/31 v2.5 Span multiple rows of a table
\multirow@colwidth=\skip149
\multirow@cntb=\count379
\multirow@dima=\skip150
\bigstrutjot=\dimen318
)
(/usr/local/texlive/2020/texmf-dist/tex/latex/changepage/changepage.sty
Package: changepage 2009/10/20 v1.0c check page and change page layout
\c@cp@cntr=\count380
\cp@tempcnt=\count381
)
(/usr/local/texlive/2020/texmf-dist/tex/latex/threeparttable/threeparttable.sty
Package: threeparttable 2003/06/13  v 3.0
\@tempboxb=\box92
) (/usr/local/texlive/2020/texmf-dist/tex/latex/geometry/geometry.sty
Package: geometry 2020/01/02 v5.9 Page Geometry

(/usr/local/texlive/2020/texmf-dist/tex/generic/iftex/ifvtex.sty
Package: ifvtex 2019/10/25 v1.7 ifvtex legacy package. Use iftex instead.
)
\Gm@cnth=\count382
\Gm@cntv=\count383
\c@Gm@tempcnt=\count384
\Gm@bindingoffset=\dimen319
\Gm@wd@mp=\dimen320
\Gm@odd@mp=\dimen321
\Gm@even@mp=\dimen322
\Gm@layoutwidth=\dimen323
\Gm@layoutheight=\dimen324
\Gm@layouthoffset=\dimen325
\Gm@layoutvoffset=\dimen326
\Gm@dimlist=\toks57
)
\c@question=\count385
\c@qpart=\count386
\c@qsubpart=\count387
\c@lemma=\count388
\c@theorem=\count389
\rowidth=\skip151
)
(./TMA02.aux (./q1.aux) (./q2.aux) (./q3.aux) (./q4.aux))
\openout1 = `TMA02.aux'.

LaTeX Font Info:    Checking defaults for OML/cmm/m/it on input line 11.
LaTeX Font Info:    ... okay on input line 11.
LaTeX Font Info:    Checking defaults for OMS/cmsy/m/n on input line 11.
LaTeX Font Info:    ... okay on input line 11.
LaTeX Font Info:    Checking defaults for OT1/cmr/m/n on input line 11.
LaTeX Font Info:    ... okay on input line 11.
LaTeX Font Info:    Checking defaults for T1/cmr/m/n on input line 11.
LaTeX Font Info:    ... okay on input line 11.
LaTeX Font Info:    Checking defaults for TS1/cmr/m/n on input line 11.
LaTeX Font Info:    ... okay on input line 11.
LaTeX Font Info:    Checking defaults for OMX/cmex/m/n on input line 11.
LaTeX Font Info:    ... okay on input line 11.
LaTeX Font Info:    Checking defaults for U/cmr/m/n on input line 11.
LaTeX Font Info:    ... okay on input line 11.
Package newfloat Info: `float' package detected.

(./pythontex-files-TMA02/TMA02.pytxmcr)
Package newfloat Info: New float `listing' with options `fileext=lopytx' on inp
ut line 11.
\c@listing=\count390
Package newfloat Info: float type `listing'=4 on input line 11.

(/usr/local/texlive/2020/texmf-dist/tex/context/base/mkii/supp-pdf.mkii
[Loading MPS to PDF converter (version 2006.09.02).]
\scratchcounter=\count391
\scratchdimen=\dimen327
\scratchbox=\box93
\nofMPsegments=\count392
\nofMParguments=\count393
\everyMPshowfont=\toks58
\MPscratchCnt=\count394
\MPscratchDim=\dimen328
\MPnumerator=\count395
\makeMPintoPDFobject=\count396
\everyMPtoPDFconversion=\toks59
) (/usr/local/texlive/2020/texmf-dist/tex/latex/epstopdf-pkg/epstopdf-base.sty
Package: epstopdf-base 2020-01-24 v2.11 Base part for package epstopdf
Package epstopdf-base Info: Redefining graphics rule for `.eps' on input line 4
85.

(/usr/local/texlive/2020/texmf-dist/tex/latex/latexconfig/epstopdf-sys.cfg
File: epstopdf-sys.cfg 2010/07/13 v1.3 Configuration of (r)epstopdf for TeX Liv
e
))
\c@lstlisting=\count397
\ST@sf=\write6
\openout6 = `TMA02.sagetex.sage'.

Package lastpage Info: Please have a look at the pageslts package at
(lastpage)             https://www.ctan.org/pkg/pageslts
(lastpage)             ! on input line 11.
LaTeX Info: Redefining \microtypecontext on input line 11.
Package microtype Info: Generating PDF output.
Package microtype Info: Character protrusion enabled (level 2).
Package microtype Info: Using default protrusion set `alltext'.
Package microtype Info: Automatic font expansion enabled (level 2),
(microtype)             stretch: 20, shrink: 20, step: 1, non-selected.
Package microtype Info: Using default expansion set `basictext'.
LaTeX Info: Redefining \showhyphens on input line 11.
Package microtype Info: No adjustment of tracking.
Package microtype Info: No adjustment of interword spacing.
Package microtype Info: No adjustment of character kerning.

(/usr/local/texlive/2020/texmf-dist/tex/latex/microtype/mt-cmr.cfg
File: mt-cmr.cfg 2013/05/19 v2.2 microtype config. file: Computer Modern Roman 
(RS)
)
*geometry* driver: auto-detecting
*geometry* detected driver: pdftex
*geometry* verbose mode - [ preamble ] result:
* driver: pdftex
* paper: a4paper
* layout: <same size as paper>
* layoutoffset:(h,v)=(0.0pt,0.0pt)
* modes: includemp 
* h-part:(L,W,R)=(85.35826pt, 497.92325pt, 14.22636pt)
* v-part:(T,H,B)=(101.40665pt, 672.50832pt, 71.13188pt)
* \paperwidth=597.50787pt
* \paperheight=845.04684pt
* \textwidth=378.42169pt
* \textheight=672.50832pt
* \oddsidemargin=13.08827pt
* \evensidemargin=13.08827pt
* \topmargin=-13.54245pt
* \headheight=28.45274pt
* \headsep=14.22636pt
* \topskip=12.0pt
* \footskip=42.67912pt
* \marginparwidth=105.27519pt
* \marginparsep=14.22636pt
* \columnsep=10.0pt
* \skip\footins=10.8pt plus 4.0pt minus 2.0pt
* \hoffset=0.0pt
* \voffset=0.0pt
* \mag=1000
* \@twocolumnfalse
* \@twosidefalse
* \@mparswitchfalse
* \@reversemarginfalse
* (1in=72.27pt=25.4mm, 1cm=28.453pt)

(./pythontex-files-TMA02/TMA02.pytxpyg)
\openout2 = `q1.aux'.

 (./q1.tex (./q1a.tex
LaTeX Font Info:    Trying to load font information for U+msa on input line 3.

(/usr/local/texlive/2020/texmf-dist/tex/latex/amsfonts/umsa.fd
File: umsa.fd 2013/01/14 v3.01 AMS symbols A
)
(/usr/local/texlive/2020/texmf-dist/tex/latex/microtype/mt-msa.cfg
File: mt-msa.cfg 2006/02/04 v1.1 microtype config. file: AMS symbols (a) (RS)
)
LaTeX Font Info:    Trying to load font information for U+msb on input line 3.

(/usr/local/texlive/2020/texmf-dist/tex/latex/amsfonts/umsb.fd
File: umsb.fd 2013/01/14 v3.01 AMS symbols B
)
(/usr/local/texlive/2020/texmf-dist/tex/latex/microtype/mt-msb.cfg
File: mt-msb.cfg 2005/06/01 v1.0 microtype config. file: AMS symbols (b) (RS)
)
(/usr/local/texlive/2020/texmf-dist/tex/latex/microtype/mt-eur.cfg
File: mt-eur.cfg 2006/07/31 v1.1 microtype config. file: AMS Euler Roman (RS)
)
LaTeX Font Info:    Trying to load font information for U+wasy on input line 3.


(/usr/local/texlive/2020/texmf-dist/tex/latex/wasysym/uwasy.fd
File: uwasy.fd 2020/01/19 v2.4 Wasy-2 symbol font definitions
)
\c@pytx@py@default@0=\count398

(./pythontex-files-TMA02/py_default_0_0.stdout)) (./q1b.tex [1{/usr/local/texli
ve/2020/texmf-var/fonts/map/pdftex/updmap/pdftex.map}


]
Package marginnote Info: Margin note 2.1 is on absolute page 2 on input line 41
.
Package marginnote Info: right page because not two side mode on input line 41.

Package marginnote Info: xpos seems to be 220.1471pt on input line 41.
) (./q1c.tex
Package marginnote Info: Margin note 2.2 is on absolute page 2 on input line 2.

Package marginnote Info: right page because not two side mode on input line 2.
Package marginnote Info: xpos seems to be 365.19159pt on input line 2.
Package marginnote Info: Margin note 2.3 is on absolute page 2 on input line 4.

Package marginnote Info: right page because not two side mode on input line 4.
Package marginnote Info: xpos seems to be 267.55592pt on input line 4.
 [2]
(./pythontex-files-TMA02/py_default_0_1.stdout)
(./pythontex-files-TMA02/py_default_0_2.stdout)
(./pythontex-files-TMA02/py_default_0_3.stdout)
(./pythontex-files-TMA02/py_default_0_4.stdout)
(./pythontex-files-TMA02/py_default_0_1.stdout)
(./pythontex-files-TMA02/py_default_0_2.stdout)
(./pythontex-files-TMA02/py_default_0_3.stdout)
(./pythontex-files-TMA02/py_default_0_4.stdout)
(./pythontex-files-TMA02/py_default_0_5.stdout)
\c@pytx@octave@default@0=\count399
\c@pytx@octave@default@0@line=\count400

(./pythontex-files-TMA02/octave_default_0_6.stdout)
(./pythontex-files-TMA02/octave_default_0_7.stdout)
(./pythontex-files-TMA02/octave_default_0_8.stdout)
(./pythontex-files-TMA02/octave_default_0_9.stdout)
(./pythontex-files-TMA02/octave_default_0_10.stdout)
(./pythontex-files-TMA02/octave_default_0_11.stdout)
(./pythontex-files-TMA02/octave_default_0_12.stdout)
(./pythontex-files-TMA02/octave_default_0_13.stdout)
(./pythontex-files-TMA02/octave_default_0_14.stdout)
(./pythontex-files-TMA02/octave_default_0_15.stdout)
(./pythontex-files-TMA02/octave_default_0_16.stdout)
(./pythontex-files-TMA02/octave_default_0_17.stdout)
(./pythontex-files-TMA02/octave_default_0_18.stdout)
(./pythontex-files-TMA02/octave_default_0_19.stdout)
(./pythontex-files-TMA02/octave_default_0_20.stdout)
(./pythontex-files-TMA02/octave_default_0_21.stdout)
(./pythontex-files-TMA02/octave_default_0_22.stdout)
(./pythontex-files-TMA02/octave_default_0_23.stdout)
(./pythontex-files-TMA02/octave_default_0_24.stdout)
(./pythontex-files-TMA02/octave_default_0_25.stdout)
(./pythontex-files-TMA02/octave_default_0_26.stdout)
(./pythontex-files-TMA02/octave_default_0_27.stdout)
(./pythontex-files-TMA02/octave_default_0_28.stdout)
(./pythontex-files-TMA02/octave_default_0_29.stdout)
(./pythontex-files-TMA02/octave_default_0_30.stdout)) (./q1d.tex [3])
(./q1e.tex (./pythontex-files-TMA02/octave_default_0_32.stdout)
(./pythontex-files-TMA02/octave_default_0_33.stdout)
(./pythontex-files-TMA02/octave_default_0_34.stdout)
(./pythontex-files-TMA02/octave_default_0_35.stdout)
(./pythontex-files-TMA02/octave_default_0_36.stdout)
(./pythontex-files-TMA02/octave_default_0_37.stdout)
(./pythontex-files-TMA02/octave_default_0_38.stdout)
(./pythontex-files-TMA02/octave_default_0_39.stdout)
(./pythontex-files-TMA02/octave_default_0_40.stdout)
(./pythontex-files-TMA02/octave_default_0_41.stdout)
(./pythontex-files-TMA02/octave_default_0_42.stdout)
(./pythontex-files-TMA02/octave_default_0_43.stdout)
(./pythontex-files-TMA02/octave_default_0_44.stdout)
(./pythontex-files-TMA02/octave_default_0_45.stdout)
(./pythontex-files-TMA02/octave_default_0_46.stdout)
(./pythontex-files-TMA02/octave_default_0_47.stdout)
(./pythontex-files-TMA02/octave_default_0_48.stdout)
(./pythontex-files-TMA02/octave_default_0_49.stdout)
(./pythontex-files-TMA02/octave_default_0_50.stdout))) [4]
\openout2 = `q2.aux'.

 (./q2.tex (./q2a.tex (./pythontex-files-TMA02/octave_default_0_51.stdout)
(./pythontex-files-TMA02/octave_default_0_52.stdout)) (./q2b.tex
(./pythontex-files-TMA02/octave_default_0_54.stdout)
(./pythontex-files-TMA02/octave_default_0_55.stdout)
Package marginnote Info: Margin note 5.1 is on absolute page 5 on input line 91
.
Package marginnote Info: right page because not two side mode on input line 91.

Package marginnote Info: xpos seems to be 188.44058pt on input line 91.

(./pythontex-files-TMA02/octave_default_0_56.stdout)
(./pythontex-files-TMA02/octave_default_0_57.stdout)
(./pythontex-files-TMA02/octave_default_0_58.stdout)
(./pythontex-files-TMA02/octave_default_0_59.stdout)
(./pythontex-files-TMA02/octave_default_0_56.stdout)
(./pythontex-files-TMA02/octave_default_0_57.stdout)
(./pythontex-files-TMA02/octave_default_0_58.stdout)
(./pythontex-files-TMA02/octave_default_0_59.stdout) [5



]
(./pythontex-files-TMA02/octave_default_0_60.stdout)
(./pythontex-files-TMA02/octave_default_0_61.stdout)
(./pythontex-files-TMA02/octave_default_0_62.stdout)
(./pythontex-files-TMA02/octave_default_0_63.stdout)
(./pythontex-files-TMA02/octave_default_0_64.stdout)
(./pythontex-files-TMA02/octave_default_0_65.stdout)
(./pythontex-files-TMA02/octave_default_0_66.stdout)
(./pythontex-files-TMA02/octave_default_0_67.stdout)
(./pythontex-files-TMA02/octave_default_0_68.stdout)
(./pythontex-files-TMA02/octave_default_0_60.stdout)
(./pythontex-files-TMA02/octave_default_0_61.stdout)
(./pythontex-files-TMA02/octave_default_0_62.stdout)
(./pythontex-files-TMA02/octave_default_0_63.stdout)
(./pythontex-files-TMA02/octave_default_0_64.stdout)
(./pythontex-files-TMA02/octave_default_0_65.stdout)
(./pythontex-files-TMA02/octave_default_0_66.stdout)
(./pythontex-files-TMA02/octave_default_0_67.stdout)
(./pythontex-files-TMA02/octave_default_0_68.stdout) [6]
(./pythontex-files-TMA02/octave_default_0_69.stdout)
(./pythontex-files-TMA02/octave_default_0_70.stdout)
(./pythontex-files-TMA02/octave_default_0_71.stdout)
(./pythontex-files-TMA02/octave_default_0_72.stdout)
(./pythontex-files-TMA02/octave_default_0_69.stdout)
(./pythontex-files-TMA02/octave_default_0_70.stdout)
(./pythontex-files-TMA02/octave_default_0_71.stdout)
(./pythontex-files-TMA02/octave_default_0_72.stdout)
(./pythontex-files-TMA02/octave_default_0_73.stdout)
(./pythontex-files-TMA02/octave_default_0_74.stdout)
(./pythontex-files-TMA02/octave_default_0_75.stdout)
(./pythontex-files-TMA02/octave_default_0_76.stdout)
(./pythontex-files-TMA02/octave_default_0_77.stdout)
(./pythontex-files-TMA02/octave_default_0_78.stdout)
(./pythontex-files-TMA02/octave_default_0_79.stdout)
(./pythontex-files-TMA02/octave_default_0_77.stdout)
(./pythontex-files-TMA02/octave_default_0_78.stdout)
(./pythontex-files-TMA02/octave_default_0_79.stdout)
(./pythontex-files-TMA02/octave_default_0_80.stdout)
(./pythontex-files-TMA02/octave_default_0_81.stdout)
(./pythontex-files-TMA02/octave_default_0_82.stdout)
(./pythontex-files-TMA02/octave_default_0_83.stdout)
(./pythontex-files-TMA02/octave_default_0_84.stdout)
(./pythontex-files-TMA02/octave_default_0_85.stdout)
(./pythontex-files-TMA02/octave_default_0_84.stdout)
(./pythontex-files-TMA02/octave_default_0_85.stdout) [7]
(./pythontex-files-TMA02/octave_default_0_86.stdout)
(./pythontex-files-TMA02/octave_default_0_87.stdout)
(./pythontex-files-TMA02/octave_default_0_86.stdout)
(./pythontex-files-TMA02/octave_default_0_87.stdout)
Package marginnote Info: Margin note 8.1 is on absolute page 8 on input line 18
9.
Package marginnote Info: right page because not two side mode on input line 189
.
Package marginnote Info: xpos seems to be 288.42209pt on input line 189.
 [8]) (./q2c.tex
Package marginnote Info: Margin note 9.1 is on absolute page 9 on input line 3.

Package marginnote Info: right page because not two side mode on input line 3.
Package marginnote Info: xpos seems to be 85.35826pt on input line 3.

(./pythontex-files-TMA02/octave_default_0_88.stdout)
(./pythontex-files-TMA02/octave_default_0_89.stdout)
(./pythontex-files-TMA02/octave_default_0_90.stdout)
(./pythontex-files-TMA02/octave_default_0_91.stdout)
(./pythontex-files-TMA02/octave_default_0_88.stdout)
(./pythontex-files-TMA02/octave_default_0_89.stdout)
(./pythontex-files-TMA02/octave_default_0_90.stdout)
(./pythontex-files-TMA02/octave_default_0_91.stdout) [9]) (./q2d.tex
(./pythontex-files-TMA02/octave_default_0_92.stdout)
(./pythontex-files-TMA02/octave_default_0_93.stdout)
(./pythontex-files-TMA02/octave_default_0_94.stdout)
(./pythontex-files-TMA02/octave_default_0_95.stdout)
(./pythontex-files-TMA02/octave_default_0_96.stdout)
(./pythontex-files-TMA02/octave_default_0_97.stdout)
(./pythontex-files-TMA02/octave_default_0_94.stdout)
(./pythontex-files-TMA02/octave_default_0_95.stdout)
(./pythontex-files-TMA02/octave_default_0_96.stdout)
(./pythontex-files-TMA02/octave_default_0_97.stdout)
(./pythontex-files-TMA02/octave_default_0_98.stdout)
(./pythontex-files-TMA02/octave_default_0_99.stdout)
(./pythontex-files-TMA02/octave_default_0_100.stdout)
(./pythontex-files-TMA02/octave_default_0_101.stdout)
(./pythontex-files-TMA02/octave_default_0_102.stdout)
(./pythontex-files-TMA02/octave_default_0_103.stdout)
(./pythontex-files-TMA02/octave_default_0_104.stdout)
(./pythontex-files-TMA02/octave_default_0_105.stdout)
(./pythontex-files-TMA02/octave_default_0_106.stdout)
(./pythontex-files-TMA02/octave_default_0_107.stdout)
(./pythontex-files-TMA02/octave_default_0_108.stdout)
(./pythontex-files-TMA02/octave_default_0_109.stdout)
(./pythontex-files-TMA02/octave_default_0_110.stdout)
(./pythontex-files-TMA02/octave_default_0_111.stdout)
(./pythontex-files-TMA02/octave_default_0_112.stdout)
(./pythontex-files-TMA02/octave_default_0_113.stdout)
(./pythontex-files-TMA02/octave_default_0_115.stdout)
(./pythontex-files-TMA02/octave_default_0_116.stdout)
(./pythontex-files-TMA02/octave_default_0_117.stdout)) (./q2e.tex
(./pythontex-files-TMA02/octave_default_0_118.stdout)
(./pythontex-files-TMA02/octave_default_0_119.stdout)
(./pythontex-files-TMA02/octave_default_0_120.stdout)
(./pythontex-files-TMA02/octave_default_0_121.stdout)
(./pythontex-files-TMA02/octave_default_0_122.stdout)
(./pythontex-files-TMA02/octave_default_0_123.stdout)
(./pythontex-files-TMA02/octave_default_0_124.stdout)
(./pythontex-files-TMA02/octave_default_0_125.stdout)
(./pythontex-files-TMA02/octave_default_0_126.stdout)
(./pythontex-files-TMA02/octave_default_0_127.stdout)
(./pythontex-files-TMA02/octave_default_0_128.stdout)
(./pythontex-files-TMA02/octave_default_0_129.stdout)
(./pythontex-files-TMA02/octave_default_0_130.stdout)
(./pythontex-files-TMA02/octave_default_0_131.stdout)
(./pythontex-files-TMA02/octave_default_0_132.stdout)
(./pythontex-files-TMA02/octave_default_0_133.stdout)
(./pythontex-files-TMA02/octave_default_0_134.stdout)
(./pythontex-files-TMA02/octave_default_0_135.stdout)
(./pythontex-files-TMA02/octave_default_0_136.stdout)
(./pythontex-files-TMA02/octave_default_0_137.stdout)
(./pythontex-files-TMA02/octave_default_0_138.stdout)
(./pythontex-files-TMA02/octave_default_0_139.stdout)
(./pythontex-files-TMA02/octave_default_0_140.stdout)
(./pythontex-files-TMA02/octave_default_0_141.stdout)
(./pythontex-files-TMA02/octave_default_0_142.stdout)
(./pythontex-files-TMA02/octave_default_0_143.stdout)
(./pythontex-files-TMA02/octave_default_0_144.stdout)
(./pythontex-files-TMA02/octave_default_0_145.stdout)
(./pythontex-files-TMA02/octave_default_0_146.stdout)
(./pythontex-files-TMA02/octave_default_0_147.stdout)
(./pythontex-files-TMA02/octave_default_0_148.stdout)
(./pythontex-files-TMA02/octave_default_0_149.stdout)
(./pythontex-files-TMA02/octave_default_0_150.stdout)
(./pythontex-files-TMA02/octave_default_0_151.stdout)
(./pythontex-files-TMA02/octave_default_0_152.stdout)
(./pythontex-files-TMA02/octave_default_0_153.stdout) [10]
(./pythontex-files-TMA02/octave_default_0_154.stdout)
(./pythontex-files-TMA02/octave_default_0_155.stdout)
(./pythontex-files-TMA02/octave_default_0_156.stdout)
(./pythontex-files-TMA02/octave_default_0_157.stdout)
(./pythontex-files-TMA02/octave_default_0_158.stdout)
(./pythontex-files-TMA02/octave_default_0_159.stdout)
(./pythontex-files-TMA02/octave_default_0_160.stdout)
(./pythontex-files-TMA02/octave_default_0_161.stdout)
(./pythontex-files-TMA02/octave_default_0_162.stdout)
(./pythontex-files-TMA02/octave_default_0_163.stdout)
(./pythontex-files-TMA02/octave_default_0_165.stdout)
(./pythontex-files-TMA02/octave_default_0_166.stdout)
(./pythontex-files-TMA02/octave_default_0_167.stdout))) [11]
\openout2 = `q3.aux'.

 (./q3.tex
(./q3a.tex) (./q3b.tex [12



]
Overfull \hbox (9.53406pt too wide) in paragraph at lines 62--63
[]\T1/cmr/m/n/12 (-20) The last columns of Ta-ble 5[] and Ta-ble 4[] are in agr
ee-ment. Thus, $\OML/cmm/m/it/12 f\OT1/cmr/m/n/12 (-20) (\OML/cmm/m/it/12 v[]; 
v[]; v[]\OT1/cmr/m/n/12 (-20) ) =
 []

) (./q3c.tex
Package marginnote Info: Margin note 13.1 is on absolute page 13 on input line 
4.
Package marginnote Info: right page because not two side mode on input line 4.
Package marginnote Info: xpos seems to be 365.04904pt on input line 4.

Overfull \hbox (23.14548pt too wide) detected at line 27
\OML/cmm/b/it/12 x \OT1/cmr/m/n/12 = [] [] \OML/cmm/m/it/12 :
 []

[13] [14] (./pythontex-files-TMA02/octave_default_0_168.stdout)

LaTeX Warning: Characters dropped after `\end{comment}' on input line 269.

[15] (./pythontex-files-TMA02/octave_default_0_169.stdout)
(./pythontex-files-TMA02/octave_default_0_170.stdout)
(./pythontex-files-TMA02/octave_default_0_171.stdout)
(./pythontex-files-TMA02/octave_default_0_172.stdout)
(./pythontex-files-TMA02/octave_default_0_173.stdout)
(./pythontex-files-TMA02/octave_default_0_174.stdout)
(./pythontex-files-TMA02/octave_default_0_175.stdout)
(./pythontex-files-TMA02/octave_default_0_176.stdout)
(./pythontex-files-TMA02/octave_default_0_177.stdout)
(./pythontex-files-TMA02/octave_default_0_178.stdout)
(./pythontex-files-TMA02/octave_default_0_179.stdout)
(./pythontex-files-TMA02/octave_default_0_180.stdout)
(./pythontex-files-TMA02/octave_default_0_181.stdout)
(./pythontex-files-TMA02/octave_default_0_182.stdout)
(./pythontex-files-TMA02/octave_default_0_183.stdout)
(./pythontex-files-TMA02/octave_default_0_184.stdout)
(./pythontex-files-TMA02/octave_default_0_185.stdout)
(./pythontex-files-TMA02/octave_default_0_186.stdout)
(./pythontex-files-TMA02/octave_default_0_187.stdout)
(./pythontex-files-TMA02/octave_default_0_188.stdout)
(./pythontex-files-TMA02/octave_default_0_189.stdout)
(./pythontex-files-TMA02/octave_default_0_190.stdout)
(./pythontex-files-TMA02/octave_default_0_191.stdout)
(./pythontex-files-TMA02/octave_default_0_192.stdout)
(./pythontex-files-TMA02/octave_default_0_169.stdout)
(./pythontex-files-TMA02/octave_default_0_170.stdout)
(./pythontex-files-TMA02/octave_default_0_171.stdout)
(./pythontex-files-TMA02/octave_default_0_172.stdout)
(./pythontex-files-TMA02/octave_default_0_173.stdout)
(./pythontex-files-TMA02/octave_default_0_174.stdout)
(./pythontex-files-TMA02/octave_default_0_175.stdout)
(./pythontex-files-TMA02/octave_default_0_176.stdout)
(./pythontex-files-TMA02/octave_default_0_177.stdout)
(./pythontex-files-TMA02/octave_default_0_178.stdout)
(./pythontex-files-TMA02/octave_default_0_179.stdout)
(./pythontex-files-TMA02/octave_default_0_180.stdout)
(./pythontex-files-TMA02/octave_default_0_181.stdout)
(./pythontex-files-TMA02/octave_default_0_182.stdout)
(./pythontex-files-TMA02/octave_default_0_183.stdout)
(./pythontex-files-TMA02/octave_default_0_184.stdout)
(./pythontex-files-TMA02/octave_default_0_185.stdout)
(./pythontex-files-TMA02/octave_default_0_186.stdout)
(./pythontex-files-TMA02/octave_default_0_187.stdout)
(./pythontex-files-TMA02/octave_default_0_188.stdout)
(./pythontex-files-TMA02/octave_default_0_189.stdout)
(./pythontex-files-TMA02/octave_default_0_190.stdout)
(./pythontex-files-TMA02/octave_default_0_191.stdout)
(./pythontex-files-TMA02/octave_default_0_192.stdout)
(./pythontex-files-TMA02/octave_default_0_193.stdout)
(./pythontex-files-TMA02/octave_default_0_194.stdout)
(./pythontex-files-TMA02/octave_default_0_195.stdout)
(./pythontex-files-TMA02/octave_default_0_196.stdout)
(./pythontex-files-TMA02/octave_default_0_197.stdout)
(./pythontex-files-TMA02/octave_default_0_198.stdout)
(./pythontex-files-TMA02/octave_default_0_199.stdout)
(./pythontex-files-TMA02/octave_default_0_200.stdout)
(./pythontex-files-TMA02/octave_default_0_201.stdout)
(./pythontex-files-TMA02/octave_default_0_202.stdout)
(./pythontex-files-TMA02/octave_default_0_203.stdout)
(./pythontex-files-TMA02/octave_default_0_204.stdout)
(./pythontex-files-TMA02/octave_default_0_205.stdout)
(./pythontex-files-TMA02/octave_default_0_206.stdout)
(./pythontex-files-TMA02/octave_default_0_207.stdout)
(./pythontex-files-TMA02/octave_default_0_208.stdout)
(./pythontex-files-TMA02/octave_default_0_209.stdout)
(./pythontex-files-TMA02/octave_default_0_210.stdout)
(./pythontex-files-TMA02/octave_default_0_211.stdout)
(./pythontex-files-TMA02/octave_default_0_212.stdout)
(./pythontex-files-TMA02/octave_default_0_213.stdout)
(./pythontex-files-TMA02/octave_default_0_214.stdout)
(./pythontex-files-TMA02/octave_default_0_215.stdout)
(./pythontex-files-TMA02/octave_default_0_216.stdout)
(./pythontex-files-TMA02/octave_default_0_193.stdout)
(./pythontex-files-TMA02/octave_default_0_194.stdout)
(./pythontex-files-TMA02/octave_default_0_195.stdout)
(./pythontex-files-TMA02/octave_default_0_196.stdout)
(./pythontex-files-TMA02/octave_default_0_197.stdout)
(./pythontex-files-TMA02/octave_default_0_198.stdout)
(./pythontex-files-TMA02/octave_default_0_199.stdout)
(./pythontex-files-TMA02/octave_default_0_200.stdout)
(./pythontex-files-TMA02/octave_default_0_201.stdout)
(./pythontex-files-TMA02/octave_default_0_202.stdout)
(./pythontex-files-TMA02/octave_default_0_203.stdout)
(./pythontex-files-TMA02/octave_default_0_204.stdout)
(./pythontex-files-TMA02/octave_default_0_205.stdout)
(./pythontex-files-TMA02/octave_default_0_206.stdout)
(./pythontex-files-TMA02/octave_default_0_207.stdout)
(./pythontex-files-TMA02/octave_default_0_208.stdout)
(./pythontex-files-TMA02/octave_default_0_209.stdout)
(./pythontex-files-TMA02/octave_default_0_210.stdout)
(./pythontex-files-TMA02/octave_default_0_211.stdout)
(./pythontex-files-TMA02/octave_default_0_212.stdout)
(./pythontex-files-TMA02/octave_default_0_213.stdout)
(./pythontex-files-TMA02/octave_default_0_214.stdout)
(./pythontex-files-TMA02/octave_default_0_215.stdout)
(./pythontex-files-TMA02/octave_default_0_216.stdout)
(./pythontex-files-TMA02/octave_default_0_217.stdout)
(./pythontex-files-TMA02/octave_default_0_218.stdout)
(./pythontex-files-TMA02/octave_default_0_219.stdout)
(./pythontex-files-TMA02/octave_default_0_220.stdout)
(./pythontex-files-TMA02/octave_default_0_221.stdout)
(./pythontex-files-TMA02/octave_default_0_222.stdout)
(./pythontex-files-TMA02/octave_default_0_223.stdout)
(./pythontex-files-TMA02/octave_default_0_224.stdout)
(./pythontex-files-TMA02/octave_default_0_225.stdout)
(./pythontex-files-TMA02/octave_default_0_226.stdout)
(./pythontex-files-TMA02/octave_default_0_227.stdout)
(./pythontex-files-TMA02/octave_default_0_228.stdout)
(./pythontex-files-TMA02/octave_default_0_229.stdout)
(./pythontex-files-TMA02/octave_default_0_230.stdout)
(./pythontex-files-TMA02/octave_default_0_231.stdout)
(./pythontex-files-TMA02/octave_default_0_232.stdout)
(./pythontex-files-TMA02/octave_default_0_233.stdout)
(./pythontex-files-TMA02/octave_default_0_234.stdout)
(./pythontex-files-TMA02/octave_default_0_235.stdout)
(./pythontex-files-TMA02/octave_default_0_236.stdout)
(./pythontex-files-TMA02/octave_default_0_237.stdout)
(./pythontex-files-TMA02/octave_default_0_238.stdout)
(./pythontex-files-TMA02/octave_default_0_239.stdout)
(./pythontex-files-TMA02/octave_default_0_240.stdout)
(./pythontex-files-TMA02/octave_default_0_217.stdout)
(./pythontex-files-TMA02/octave_default_0_218.stdout)
(./pythontex-files-TMA02/octave_default_0_219.stdout)
(./pythontex-files-TMA02/octave_default_0_220.stdout)
(./pythontex-files-TMA02/octave_default_0_221.stdout)
(./pythontex-files-TMA02/octave_default_0_222.stdout)
(./pythontex-files-TMA02/octave_default_0_223.stdout)
(./pythontex-files-TMA02/octave_default_0_224.stdout)
(./pythontex-files-TMA02/octave_default_0_225.stdout)
(./pythontex-files-TMA02/octave_default_0_226.stdout)
(./pythontex-files-TMA02/octave_default_0_227.stdout)
(./pythontex-files-TMA02/octave_default_0_228.stdout)
(./pythontex-files-TMA02/octave_default_0_229.stdout)
(./pythontex-files-TMA02/octave_default_0_230.stdout)
(./pythontex-files-TMA02/octave_default_0_231.stdout)
(./pythontex-files-TMA02/octave_default_0_232.stdout)
(./pythontex-files-TMA02/octave_default_0_233.stdout)
(./pythontex-files-TMA02/octave_default_0_234.stdout)
(./pythontex-files-TMA02/octave_default_0_235.stdout)
(./pythontex-files-TMA02/octave_default_0_236.stdout)
(./pythontex-files-TMA02/octave_default_0_237.stdout)
(./pythontex-files-TMA02/octave_default_0_238.stdout)
(./pythontex-files-TMA02/octave_default_0_239.stdout)
(./pythontex-files-TMA02/octave_default_0_240.stdout) [16]
(./pythontex-files-TMA02/octave_default_0_241.stdout)
(./pythontex-files-TMA02/octave_default_0_242.stdout)
(./pythontex-files-TMA02/octave_default_0_243.stdout)
(./pythontex-files-TMA02/octave_default_0_244.stdout)
(./pythontex-files-TMA02/octave_default_0_245.stdout)
(./pythontex-files-TMA02/octave_default_0_246.stdout)
(./pythontex-files-TMA02/octave_default_0_247.stdout)
(./pythontex-files-TMA02/octave_default_0_248.stdout)
(./pythontex-files-TMA02/octave_default_0_249.stdout)
(./pythontex-files-TMA02/octave_default_0_250.stdout)
(./pythontex-files-TMA02/octave_default_0_251.stdout)
(./pythontex-files-TMA02/octave_default_0_252.stdout)
(./pythontex-files-TMA02/octave_default_0_253.stdout)
(./pythontex-files-TMA02/octave_default_0_254.stdout)
(./pythontex-files-TMA02/octave_default_0_255.stdout)
(./pythontex-files-TMA02/octave_default_0_256.stdout)
(./pythontex-files-TMA02/octave_default_0_257.stdout)
(./pythontex-files-TMA02/octave_default_0_258.stdout)
(./pythontex-files-TMA02/octave_default_0_259.stdout)
(./pythontex-files-TMA02/octave_default_0_260.stdout)
(./pythontex-files-TMA02/octave_default_0_261.stdout)
(./pythontex-files-TMA02/octave_default_0_262.stdout)
(./pythontex-files-TMA02/octave_default_0_263.stdout)
(./pythontex-files-TMA02/octave_default_0_264.stdout)
(./pythontex-files-TMA02/octave_default_0_241.stdout)
(./pythontex-files-TMA02/octave_default_0_242.stdout)
(./pythontex-files-TMA02/octave_default_0_243.stdout)
(./pythontex-files-TMA02/octave_default_0_244.stdout)
(./pythontex-files-TMA02/octave_default_0_245.stdout)
(./pythontex-files-TMA02/octave_default_0_246.stdout)
(./pythontex-files-TMA02/octave_default_0_247.stdout)
(./pythontex-files-TMA02/octave_default_0_248.stdout)
(./pythontex-files-TMA02/octave_default_0_249.stdout)
(./pythontex-files-TMA02/octave_default_0_250.stdout)
(./pythontex-files-TMA02/octave_default_0_251.stdout)
(./pythontex-files-TMA02/octave_default_0_252.stdout)
(./pythontex-files-TMA02/octave_default_0_253.stdout)
(./pythontex-files-TMA02/octave_default_0_254.stdout)
(./pythontex-files-TMA02/octave_default_0_255.stdout)
(./pythontex-files-TMA02/octave_default_0_256.stdout)
(./pythontex-files-TMA02/octave_default_0_257.stdout)
(./pythontex-files-TMA02/octave_default_0_258.stdout)
(./pythontex-files-TMA02/octave_default_0_259.stdout)
(./pythontex-files-TMA02/octave_default_0_260.stdout)
(./pythontex-files-TMA02/octave_default_0_261.stdout)
(./pythontex-files-TMA02/octave_default_0_262.stdout)
(./pythontex-files-TMA02/octave_default_0_263.stdout)
(./pythontex-files-TMA02/octave_default_0_264.stdout)
Overfull \hbox (70.76286pt too wide) detected at line 366
[]
 []

(./pythontex-files-TMA02/octave_default_0_265.stdout)
(./pythontex-files-TMA02/octave_default_0_266.stdout)
(./pythontex-files-TMA02/octave_default_0_265.stdout)
(./pythontex-files-TMA02/octave_default_0_266.stdout)
Overfull \hbox (22.04082pt too wide) detected at line 383
[]
 []

(./pythontex-files-TMA02/octave_default_0_267.stdout)
(./pythontex-files-TMA02/octave_default_0_268.stdout)
(./pythontex-files-TMA02/octave_default_0_267.stdout)
(./pythontex-files-TMA02/octave_default_0_268.stdout) [17]
(./pythontex-files-TMA02/octave_default_0_269.stdout)
(./pythontex-files-TMA02/octave_default_0_269.stdout)
(./pythontex-files-TMA02/octave_default_0_271.stdout)
(./pythontex-files-TMA02/octave_default_0_272.stdout)
(./pythontex-files-TMA02/octave_default_0_271.stdout)
(./pythontex-files-TMA02/octave_default_0_272.stdout)
(./pythontex-files-TMA02/octave_default_0_273.stdout))) [18]
\openout2 = `q4.aux'.

 (./q4.tex
(./q4a.tex
Package marginnote Info: Margin note 19.1 is on absolute page 19 on input line 
4.
Package marginnote Info: right page because not two side mode on input line 4.
Package marginnote Info: xpos seems to be 401.30096pt on input line 4.
Package marginnote Info: Margin note 19.2 is on absolute page 19 on input line 
6.
Package marginnote Info: right page because not two side mode on input line 6.
Package marginnote Info: xpos seems to be 224.23976pt on input line 6.
Package marginnote Info: Margin note 19.3 is on absolute page 19 on input line 
37.
Package marginnote Info: right page because not two side mode on input line 37.

Package marginnote Info: xpos seems to be 141.26003pt on input line 37.
Package marginnote Info: Margin note 19.4 is on absolute page 19 on input line 
67.
Package marginnote Info: right page because not two side mode on input line 67.

Package marginnote Info: xpos seems to be 157.14621pt on input line 67.
) (./q4b.tex
Package marginnote Info: Margin note 19.5 is on absolute page 19 on input line 
6.
Package marginnote Info: right page because not two side mode on input line 6.
Package marginnote Info: xpos seems to be 463.77995pt on input line 6.

Overfull \hbox (20.97093pt too wide) in paragraph at lines 85--106
[][]
 []


Underfull \hbox (badness 10000) in paragraph at lines 85--106

 []


LaTeX Warning: Float too large for page by 5.42528pt on input line 108.

Package marginnote Info: Margin note 19.6 is on absolute page 21 on input line 
110.
Package marginnote Info: right page because not two side mode on input line 110
.
Package marginnote Info: xpos seems to be 452.09302pt on input line 110.

Overfull \hbox (20.97093pt too wide) in paragraph at lines 113--134
[][]
 []


Underfull \hbox (badness 10000) in paragraph at lines 113--134

 []


LaTeX Warning: Float too large for page by 5.42528pt on input line 136.

[19



] [20]) (./q4c.tex
Package marginnote Info: Margin note 21.1 is on absolute page 21 on input line 
8.
Package marginnote Info: right page because not two side mode on input line 8.
Package marginnote Info: xpos seems to be 171.57599pt on input line 8.
 (./pythontex-files-TMA02/octave_default_0_274.stdout)
(./pythontex-files-TMA02/octave_default_0_275.stdout)
(./pythontex-files-TMA02/octave_default_0_276.stdout)
(./pythontex-files-TMA02/octave_default_0_277.stdout)
(./pythontex-files-TMA02/octave_default_0_278.stdout)
(./pythontex-files-TMA02/octave_default_0_279.stdout)
(./pythontex-files-TMA02/octave_default_0_280.stdout)
(./pythontex-files-TMA02/octave_default_0_281.stdout)
(./pythontex-files-TMA02/octave_default_0_275.stdout)
(./pythontex-files-TMA02/octave_default_0_276.stdout)
(./pythontex-files-TMA02/octave_default_0_277.stdout)
(./pythontex-files-TMA02/octave_default_0_278.stdout)
(./pythontex-files-TMA02/octave_default_0_279.stdout)
(./pythontex-files-TMA02/octave_default_0_280.stdout)
(./pythontex-files-TMA02/octave_default_0_281.stdout)
Package marginnote Info: Margin note 21.2 is on absolute page 21 on input line 
53.
Package marginnote Info: right page because not two side mode on input line 53.

Package marginnote Info: xpos seems to be 450.61417pt on input line 53.

Overfull \hbox (0.39342pt too wide) in paragraph at lines 54--56
\T1/cmr/m/n/12 (-20) one and de-gree at most eight are: $\OML/cmm/m/it/12 p\OT1
/cmr/m/n/12 (-20) (\OML/cmm/m/it/12 x\OT1/cmr/m/n/12 (-20) ) \OMS/cmsy/m/n/12 2
 f\OT1/cmr/m/n/12 (-20) 1\OML/cmm/m/it/12 ; x; x[]; x[]; x[]; x[]; x[]; x[]; x[
]\OMS/cmsy/m/n/12 g$\T1/cmr/m/n/12 (-20) .
 []

[21] [22]
Package marginnote Info: Margin note 23.1 is on absolute page 23 on input line 
69.
Package marginnote Info: right page because not two side mode on input line 69.

Package marginnote Info: xpos seems to be 320.23395pt on input line 69.
Package marginnote Info: Margin note 23.2 is on absolute page 24 on input line 
128.
Package marginnote Info: right page because not two side mode on input line 128
.
Package marginnote Info: xpos seems to be 438.85641pt on input line 128.
 [23])) [24]
*********************************************************************

AED: lastpage setting LastPage
(./TMA02.aux (./q1.aux) (./q2.aux) (./q3.aux) (./q4.aux)) ) 
Here is how much of TeX's memory you used:
 26625 strings out of 479917
 522390 string characters out of 5882705
 913801 words of memory out of 5000000
 41323 multiletter control sequences out of 15000+600000
 553785 words of font info for 128 fonts, out of 8000000 for 9000
 1141 hyphenation exceptions out of 8191
 102i,24n,118p,689b,672s stack positions out of 5000i,500n,10000p,200000b,80000s
{/usr/local/texlive/
2020/texmf-dist/fonts/enc/dvips/cm-super/cm-super-t1.enc}</usr/local/texlive/20
20/texmf-dist/fonts/type1/public/amsfonts/cm/cmbx12.pfb></usr/local/texlive/202
0/texmf-dist/fonts/type1/public/amsfonts/cm/cmbx8.pfb></usr/local/texlive/2020/
texmf-dist/fonts/type1/public/amsfonts/cm/cmex10.pfb></usr/local/texlive/2020/t
exmf-dist/fonts/type1/public/amsfonts/cm/cmmi12.pfb></usr/local/texlive/2020/te
xmf-dist/fonts/type1/public/amsfonts/cm/cmmi6.pfb></usr/local/texlive/2020/texm
f-dist/fonts/type1/public/amsfonts/cm/cmmi8.pfb></usr/local/texlive/2020/texmf-
dist/fonts/type1/public/amsfonts/cm/cmmib10.pfb></usr/local/texlive/2020/texmf-
dist/fonts/type1/public/amsfonts/cm/cmr12.pfb></usr/local/texlive/2020/texmf-di
st/fonts/type1/public/amsfonts/cm/cmr6.pfb></usr/local/texlive/2020/texmf-dist/
fonts/type1/public/amsfonts/cm/cmr8.pfb></usr/local/texlive/2020/texmf-dist/fon
ts/type1/public/amsfonts/cm/cmsy10.pfb></usr/local/texlive/2020/texmf-dist/font
s/type1/public/amsfonts/cm/cmsy8.pfb></usr/local/texlive/2020/texmf-dist/fonts/
type1/public/amsfonts/symbols/msam10.pfb></usr/local/texlive/2020/texmf-dist/fo
nts/type1/public/cm-super/sfbx1200.pfb></usr/local/texlive/2020/texmf-dist/font
s/type1/public/cm-super/sfrm0800.pfb></usr/local/texlive/2020/texmf-dist/fonts/
type1/public/cm-super/sfrm1200.pfb></usr/local/texlive/2020/texmf-dist/fonts/ty
pe1/public/cm-super/sfrm1440.pfb>
Output written on TMA02.pdf (24 pages, 241691 bytes).
PDF statistics:
 154 PDF objects out of 1000 (max. 8388607)
 109 compressed objects within 2 object streams
 0 named destinations out of 1000 (max. 500000)
 11277 words of extra memory for PDF output out of 12000 (max. 10000000)

