warning: function /home/gordon/Dropbox/OU/M836/octave/inverse.m shadows a built-in function
warning: called from
    /home/gordon/.octaverc at line 2 column 1
=>PYTHONTEX:STDERR#0#code#
=>PYTHONTEX:STDERR#1#code#
=>PYTHONTEX:STDERR#2#i#
=>PYTHONTEX:STDERR#3#i#
=>PYTHONTEX:STDERR#4#i#
=>PYTHONTEX:STDERR#5#i#
=>PYTHONTEX:STDERR#6#c#
=>PYTHONTEX:STDERR#7#c#
=>PYTHONTEX:STDERR#8#c#
=>PYTHONTEX:STDERR#9#c#
=>PYTHONTEX:STDERR#10#c#
=>PYTHONTEX:STDERR#11#c#
=>PYTHONTEX:STDERR#12#c#
=>PYTHONTEX:STDERR#13#c#
=>PYTHONTEX:STDERR#14#c#
=>PYTHONTEX:STDERR#15#c#
=>PYTHONTEX:STDERR#16#c#
=>PYTHONTEX:STDERR#17#c#
=>PYTHONTEX:STDERR#18#c#
=>PYTHONTEX:STDERR#19#c#
=>PYTHONTEX:STDERR#20#c#
=>PYTHONTEX:STDERR#21#c#
=>PYTHONTEX:STDERR#22#c#
=>PYTHONTEX:STDERR#23#c#
=>PYTHONTEX:STDERR#24#c#
=>PYTHONTEX:STDERR#25#c#
=>PYTHONTEX:STDERR#26#c#
=>PYTHONTEX:STDERR#27#c#
=>PYTHONTEX:STDERR#28#c#
=>PYTHONTEX:STDERR#29#c#
=>PYTHONTEX:STDERR#30#c#
=>PYTHONTEX:STDERR#31#code#
=>PYTHONTEX:STDERR#32#sub#
=>PYTHONTEX:STDERR#33#c#
=>PYTHONTEX:STDERR#34#c#
=>PYTHONTEX:STDERR#35#c#
=>PYTHONTEX:STDERR#36#c#
=>PYTHONTEX:STDERR#37#c#
=>PYTHONTEX:STDERR#38#c#
=>PYTHONTEX:STDERR#39#sub#
=>PYTHONTEX:STDERR#40#c#
=>PYTHONTEX:STDERR#41#c#
=>PYTHONTEX:STDERR#42#c#
=>PYTHONTEX:STDERR#43#c#
=>PYTHONTEX:STDERR#44#c#
=>PYTHONTEX:STDERR#45#sub#
=>PYTHONTEX:STDERR#46#c#
=>PYTHONTEX:STDERR#47#c#
=>PYTHONTEX:STDERR#48#c#
=>PYTHONTEX:STDERR#49#c#
=>PYTHONTEX:STDERR#50#c#
=>PYTHONTEX:STDERR#51#c#
=>PYTHONTEX:STDERR#52#c#
=>PYTHONTEX:STDERR#53#code#
=>PYTHONTEX:STDERR#54#c#
=>PYTHONTEX:STDERR#55#c#
=>PYTHONTEX:STDERR#56#c#
=>PYTHONTEX:STDERR#57#c#
=>PYTHONTEX:STDERR#58#c#
=>PYTHONTEX:STDERR#59#c#
=>PYTHONTEX:STDERR#60#c#
=>PYTHONTEX:STDERR#61#c#
=>PYTHONTEX:STDERR#62#c#
=>PYTHONTEX:STDERR#63#c#
=>PYTHONTEX:STDERR#64#c#
=>PYTHONTEX:STDERR#65#c#
=>PYTHONTEX:STDERR#66#c#
=>PYTHONTEX:STDERR#67#c#
=>PYTHONTEX:STDERR#68#c#
=>PYTHONTEX:STDERR#69#c#
=>PYTHONTEX:STDERR#70#c#
=>PYTHONTEX:STDERR#71#c#
=>PYTHONTEX:STDERR#72#c#
=>PYTHONTEX:STDERR#73#c#
=>PYTHONTEX:STDERR#74#c#
=>PYTHONTEX:STDERR#75#c#
=>PYTHONTEX:STDERR#76#c#
=>PYTHONTEX:STDERR#77#c#
=>PYTHONTEX:STDERR#78#c#
=>PYTHONTEX:STDERR#79#c#
=>PYTHONTEX:STDERR#80#c#
=>PYTHONTEX:STDERR#81#c#
=>PYTHONTEX:STDERR#82#c#
=>PYTHONTEX:STDERR#83#c#
=>PYTHONTEX:STDERR#84#c#
=>PYTHONTEX:STDERR#85#c#
=>PYTHONTEX:STDERR#86#c#
=>PYTHONTEX:STDERR#87#c#
=>PYTHONTEX:STDERR#88#c#
=>PYTHONTEX:STDERR#89#c#
=>PYTHONTEX:STDERR#90#c#
=>PYTHONTEX:STDERR#91#c#
=>PYTHONTEX:STDERR#92#code#
=>PYTHONTEX:STDERR#93#c#
=>PYTHONTEX:STDERR#94#c#
=>PYTHONTEX:STDERR#95#c#
=>PYTHONTEX:STDERR#96#c#
=>PYTHONTEX:STDERR#97#c#
=>PYTHONTEX:STDERR#98#c#
=>PYTHONTEX:STDERR#99#c#
=>PYTHONTEX:STDERR#100#c#
=>PYTHONTEX:STDERR#101#c#
=>PYTHONTEX:STDERR#102#c#
=>PYTHONTEX:STDERR#103#c#
=>PYTHONTEX:STDERR#104#c#
=>PYTHONTEX:STDERR#105#c#
=>PYTHONTEX:STDERR#106#c#
=>PYTHONTEX:STDERR#107#c#
=>PYTHONTEX:STDERR#108#c#
=>PYTHONTEX:STDERR#109#c#
=>PYTHONTEX:STDERR#110#c#
=>PYTHONTEX:STDERR#111#c#
=>PYTHONTEX:STDERR#112#c#
=>PYTHONTEX:STDERR#113#c#
=>PYTHONTEX:STDERR#114#c#
=>PYTHONTEX:STDERR#115#c#
=>PYTHONTEX:STDERR#116#c#
=>PYTHONTEX:STDERR#117#c#
=>PYTHONTEX:STDERR#118#code#
=>PYTHONTEX:STDERR#119#c#
=>PYTHONTEX:STDERR#120#c#
=>PYTHONTEX:STDERR#121#c#
=>PYTHONTEX:STDERR#122#c#
=>PYTHONTEX:STDERR#123#c#
=>PYTHONTEX:STDERR#124#c#
=>PYTHONTEX:STDERR#125#c#
=>PYTHONTEX:STDERR#126#c#
=>PYTHONTEX:STDERR#127#c#
=>PYTHONTEX:STDERR#128#c#
=>PYTHONTEX:STDERR#129#c#
=>PYTHONTEX:STDERR#130#c#
=>PYTHONTEX:STDERR#131#c#
=>PYTHONTEX:STDERR#132#c#
=>PYTHONTEX:STDERR#133#c#
=>PYTHONTEX:STDERR#134#c#
=>PYTHONTEX:STDERR#135#c#
=>PYTHONTEX:STDERR#136#c#
=>PYTHONTEX:STDERR#137#c#
=>PYTHONTEX:STDERR#138#c#
=>PYTHONTEX:STDERR#139#c#
=>PYTHONTEX:STDERR#140#c#
=>PYTHONTEX:STDERR#141#c#
=>PYTHONTEX:STDERR#142#c#
=>PYTHONTEX:STDERR#143#c#
=>PYTHONTEX:STDERR#144#c#
=>PYTHONTEX:STDERR#145#c#
=>PYTHONTEX:STDERR#146#c#
=>PYTHONTEX:STDERR#147#c#
=>PYTHONTEX:STDERR#148#c#
=>PYTHONTEX:STDERR#149#c#
=>PYTHONTEX:STDERR#150#c#
=>PYTHONTEX:STDERR#151#c#
=>PYTHONTEX:STDERR#152#c#
=>PYTHONTEX:STDERR#153#c#
=>PYTHONTEX:STDERR#154#c#
=>PYTHONTEX:STDERR#155#c#
=>PYTHONTEX:STDERR#156#c#
=>PYTHONTEX:STDERR#157#c#
=>PYTHONTEX:STDERR#158#c#
=>PYTHONTEX:STDERR#159#c#
=>PYTHONTEX:STDERR#160#c#
=>PYTHONTEX:STDERR#161#c#
=>PYTHONTEX:STDERR#162#c#
=>PYTHONTEX:STDERR#163#c#
=>PYTHONTEX:STDERR#164#c#
=>PYTHONTEX:STDERR#165#c#
=>PYTHONTEX:STDERR#166#c#
=>PYTHONTEX:STDERR#167#c#
